[     413ms] [ERROR] Failed to load resource: the server responded with a status of 401 () @ https://balasin-ai-tau.vercel.app/api/dashboard-operations:0
[     417ms] [ERROR] Failed to load resource: the server responded with a status of 401 () @ https://balasin-ai-tau.vercel.app/api/dashboard-config:0
[     499ms] [ERROR] Failed to load resource: the server responded with a status of 401 () @ https://balasin-ai-tau.vercel.app/api/dashboard-config:0
[     500ms] [ERROR] Failed to load resource: the server responded with a status of 401 () @ https://balasin-ai-tau.vercel.app/api/dashboard-operations:0
[    5499ms] [ERROR] Failed to load resource: the server responded with a status of 401 () @ https://balasin-ai-tau.vercel.app/api/dashboard-config:0
[    5499ms] [ERROR] Failed to load resource: the server responded with a status of 401 () @ https://balasin-ai-tau.vercel.app/api/dashboard-operations:0
[    5573ms] [ERROR] TypeError: Cannot read properties of undefined (reading 'automation')
    at ef (https://balasin-ai-tau.vercel.app/_next/static/chunks/app/(dashboard)/inbox/page-5dd5cda7f2459836.js:1:47816)
    at l9 (https://balasin-ai-tau.vercel.app/_next/static/chunks/4bd1b696-f785427dddbba9fb.js:1:51125)
    at o_ (https://balasin-ai-tau.vercel.app/_next/static/chunks/4bd1b696-f785427dddbba9fb.js:1:70985)
    at oq (https://balasin-ai-tau.vercel.app/_next/static/chunks/4bd1b696-f785427dddbba9fb.js:1:82015)
    at ik (https://balasin-ai-tau.vercel.app/_next/static/chunks/4bd1b696-f785427dddbba9fb.js:1:114677)
    at https://balasin-ai-tau.vercel.app/_next/static/chunks/4bd1b696-f785427dddbba9fb.js:1:114522
    at ib (https://balasin-ai-tau.vercel.app/_next/static/chunks/4bd1b696-f785427dddbba9fb.js:1:114530)
    at iu (https://balasin-ai-tau.vercel.app/_next/static/chunks/4bd1b696-f785427dddbba9fb.js:1:111613)
    at iX (https://balasin-ai-tau.vercel.app/_next/static/chunks/4bd1b696-f785427dddbba9fb.js:1:132929)
    at MessagePort.w (https://balasin-ai-tau.vercel.app/_next/static/chunks/1255-5c680abb9db89955.js:1:114715) @ https://balasin-ai-tau.vercel.app/_next/static/chunks/1255-5c680abb9db89955.js:0
[   15368ms] [ERROR] Failed to load resource: the server responded with a status of 401 () @ https://balasin-ai-tau.vercel.app/api/dashboard-operations:0
[   30393ms] [ERROR] Failed to load resource: the server responded with a status of 401 () @ https://balasin-ai-tau.vercel.app/api/dashboard-operations:0
[   45390ms] [ERROR] Failed to load resource: the server responded with a status of 401 () @ https://balasin-ai-tau.vercel.app/api/dashboard-operations:0
[   60427ms] [ERROR] Failed to load resource: the server responded with a status of 401 () @ https://balasin-ai-tau.vercel.app/api/dashboard-operations:0
[   75394ms] [ERROR] Failed to load resource: the server responded with a status of 401 () @ https://balasin-ai-tau.vercel.app/api/dashboard-operations:0
[   90388ms] [ERROR] Failed to load resource: the server responded with a status of 401 () @ https://balasin-ai-tau.vercel.app/api/dashboard-operations:0
[  105385ms] [ERROR] Failed to load resource: the server responded with a status of 401 () @ https://balasin-ai-tau.vercel.app/api/dashboard-operations:0
[  120379ms] [ERROR] Failed to load resource: the server responded with a status of 401 () @ https://balasin-ai-tau.vercel.app/api/dashboard-operations:0
[  135391ms] [ERROR] Failed to load resource: the server responded with a status of 401 () @ https://balasin-ai-tau.vercel.app/api/dashboard-operations:0
[  151381ms] [ERROR] Failed to load resource: the server responded with a status of 401 () @ https://balasin-ai-tau.vercel.app/api/dashboard-operations:0
[  165766ms] [ERROR] Failed to load resource: the server responded with a status of 401 () @ https://balasin-ai-tau.vercel.app/api/dashboard-operations:0
[  180651ms] [ERROR] Failed to load resource: the server responded with a status of 401 () @ https://balasin-ai-tau.vercel.app/api/dashboard-operations:0
[  195395ms] [ERROR] Failed to load resource: the server responded with a status of 401 () @ https://balasin-ai-tau.vercel.app/api/dashboard-operations:0
[  210628ms] [ERROR] Failed to load resource: the server responded with a status of 401 () @ https://balasin-ai-tau.vercel.app/api/dashboard-operations:0
[  226258ms] [ERROR] Failed to load resource: the server responded with a status of 401 () @ https://balasin-ai-tau.vercel.app/api/dashboard-operations:0
[  241185ms] [ERROR] Failed to load resource: the server responded with a status of 401 () @ https://balasin-ai-tau.vercel.app/api/dashboard-operations:0
[  255654ms] [ERROR] Failed to load resource: the server responded with a status of 401 () @ https://balasin-ai-tau.vercel.app/api/dashboard-operations:0
[  270444ms] [ERROR] Failed to load resource: the server responded with a status of 401 () @ https://balasin-ai-tau.vercel.app/api/dashboard-operations:0
[  285683ms] [ERROR] Failed to load resource: the server responded with a status of 401 () @ https://balasin-ai-tau.vercel.app/api/dashboard-operations:0
[  300389ms] [ERROR] Failed to load resource: the server responded with a status of 401 () @ https://balasin-ai-tau.vercel.app/api/dashboard-operations:0
[  315400ms] [ERROR] Failed to load resource: the server responded with a status of 401 () @ https://balasin-ai-tau.vercel.app/api/dashboard-operations:0
[  331142ms] [ERROR] Failed to load resource: the server responded with a status of 401 () @ https://balasin-ai-tau.vercel.app/api/dashboard-operations:0
[  345372ms] [ERROR] Failed to load resource: the server responded with a status of 401 () @ https://balasin-ai-tau.vercel.app/api/dashboard-operations:0
[  360410ms] [ERROR] Failed to load resource: the server responded with a status of 401 () @ https://balasin-ai-tau.vercel.app/api/dashboard-operations:0
[  375518ms] [ERROR] Failed to load resource: the server responded with a status of 401 () @ https://balasin-ai-tau.vercel.app/api/dashboard-operations:0
[  390400ms] [ERROR] Failed to load resource: the server responded with a status of 401 () @ https://balasin-ai-tau.vercel.app/api/dashboard-operations:0
[  405383ms] [ERROR] Failed to load resource: the server responded with a status of 401 () @ https://balasin-ai-tau.vercel.app/api/dashboard-operations:0
[  420380ms] [ERROR] Failed to load resource: the server responded with a status of 401 () @ https://balasin-ai-tau.vercel.app/api/dashboard-operations:0
[  435385ms] [ERROR] Failed to load resource: the server responded with a status of 401 () @ https://balasin-ai-tau.vercel.app/api/dashboard-operations:0
