[    2472ms] [VERBOSE] [DOM] Input elements should have autocomplete attributes (suggested: "current-password"): (More info: https://goo.gl/9p2vKq) %o @ https://balasin-ai-tau.vercel.app/channels:0
[    3028ms] [ERROR] Failed to load resource: the server responded with a status of 401 () @ https://balasin-ai-tau.vercel.app/api/dashboard-config:0
[    3031ms] [ERROR] Failed to load resource: the server responded with a status of 401 () @ https://balasin-ai-tau.vercel.app/api/dashboard-config:0
[    3090ms] [ERROR] Failed to load resource: the server responded with a status of 401 () @ https://balasin-ai-tau.vercel.app/api/dashboard-operations:0
[    3309ms] [ERROR] Failed to load resource: the server responded with a status of 404 () @ https://balasin-ai-tau.vercel.app/favicon.ico:0
[    7903ms] [ERROR] Failed to load resource: the server responded with a status of 401 () @ https://balasin-ai-tau.vercel.app/api/dashboard-config:0
[   12956ms] [ERROR] Failed to load resource: the server responded with a status of 401 () @ https://balasin-ai-tau.vercel.app/api/dashboard-config:0
[   17893ms] [ERROR] Failed to load resource: the server responded with a status of 401 () @ https://balasin-ai-tau.vercel.app/api/dashboard-config:0
[   17903ms] [ERROR] Failed to load resource: the server responded with a status of 401 () @ https://balasin-ai-tau.vercel.app/api/dashboard-operations:0
[   22908ms] [ERROR] Failed to load resource: the server responded with a status of 401 () @ https://balasin-ai-tau.vercel.app/api/dashboard-config:0
[   27905ms] [ERROR] Failed to load resource: the server responded with a status of 401 () @ https://balasin-ai-tau.vercel.app/api/dashboard-config:0
[   32901ms] [ERROR] Failed to load resource: the server responded with a status of 401 () @ https://balasin-ai-tau.vercel.app/api/dashboard-config:0
[   32909ms] [ERROR] Failed to load resource: the server responded with a status of 401 () @ https://balasin-ai-tau.vercel.app/api/dashboard-operations:0
[   37903ms] [ERROR] Failed to load resource: the server responded with a status of 401 () @ https://balasin-ai-tau.vercel.app/api/dashboard-config:0
[   42918ms] [ERROR] Failed to load resource: the server responded with a status of 401 () @ https://balasin-ai-tau.vercel.app/api/dashboard-config:0
[   47956ms] [ERROR] Failed to load resource: the server responded with a status of 401 () @ https://balasin-ai-tau.vercel.app/api/dashboard-config:0
[   47958ms] [ERROR] Failed to load resource: the server responded with a status of 401 () @ https://balasin-ai-tau.vercel.app/api/dashboard-operations:0
[   52941ms] [ERROR] Failed to load resource: the server responded with a status of 401 () @ https://balasin-ai-tau.vercel.app/api/dashboard-config:0
[   57932ms] [ERROR] Failed to load resource: the server responded with a status of 401 () @ https://balasin-ai-tau.vercel.app/api/dashboard-config:0
[   62909ms] [ERROR] Failed to load resource: the server responded with a status of 401 () @ https://balasin-ai-tau.vercel.app/api/dashboard-config:0
[   62928ms] [ERROR] Failed to load resource: the server responded with a status of 401 () @ https://balasin-ai-tau.vercel.app/api/dashboard-operations:0
[   67905ms] [ERROR] Failed to load resource: the server responded with a status of 401 () @ https://balasin-ai-tau.vercel.app/api/dashboard-config:0
[   72890ms] [ERROR] Failed to load resource: the server responded with a status of 401 () @ https://balasin-ai-tau.vercel.app/api/dashboard-config:0
[   77909ms] [ERROR] Failed to load resource: the server responded with a status of 401 () @ https://balasin-ai-tau.vercel.app/api/dashboard-operations:0
[   77921ms] [ERROR] Failed to load resource: the server responded with a status of 401 () @ https://balasin-ai-tau.vercel.app/api/dashboard-config:0
[   82904ms] [ERROR] Failed to load resource: the server responded with a status of 401 () @ https://balasin-ai-tau.vercel.app/api/dashboard-config:0
[   87907ms] [ERROR] Failed to load resource: the server responded with a status of 401 () @ https://balasin-ai-tau.vercel.app/api/dashboard-config:0
[   92904ms] [ERROR] Failed to load resource: the server responded with a status of 401 () @ https://balasin-ai-tau.vercel.app/api/dashboard-config:0
[   92908ms] [ERROR] Failed to load resource: the server responded with a status of 401 () @ https://balasin-ai-tau.vercel.app/api/dashboard-operations:0
[   98076ms] [ERROR] Failed to load resource: the server responded with a status of 401 () @ https://balasin-ai-tau.vercel.app/api/dashboard-config:0
[  102988ms] [ERROR] Failed to load resource: the server responded with a status of 401 () @ https://balasin-ai-tau.vercel.app/api/dashboard-config:0
[  107904ms] [ERROR] Failed to load resource: the server responded with a status of 401 () @ https://balasin-ai-tau.vercel.app/api/dashboard-config:0
[  107905ms] [ERROR] Failed to load resource: the server responded with a status of 401 () @ https://balasin-ai-tau.vercel.app/api/dashboard-operations:0
[  112990ms] [ERROR] Failed to load resource: the server responded with a status of 401 () @ https://balasin-ai-tau.vercel.app/api/dashboard-config:0
[  117908ms] [ERROR] Failed to load resource: the server responded with a status of 401 () @ https://balasin-ai-tau.vercel.app/api/dashboard-config:0
[  122901ms] [ERROR] Failed to load resource: the server responded with a status of 401 () @ https://balasin-ai-tau.vercel.app/api/dashboard-config:0
[  122911ms] [ERROR] Failed to load resource: the server responded with a status of 401 () @ https://balasin-ai-tau.vercel.app/api/dashboard-operations:0
[  127934ms] [ERROR] Failed to load resource: the server responded with a status of 401 () @ https://balasin-ai-tau.vercel.app/api/dashboard-config:0
[  132898ms] [ERROR] Failed to load resource: the server responded with a status of 401 () @ https://balasin-ai-tau.vercel.app/api/dashboard-config:0
[  137931ms] [ERROR] Failed to load resource: the server responded with a status of 401 () @ https://balasin-ai-tau.vercel.app/api/dashboard-config:0
[  137934ms] [ERROR] Failed to load resource: the server responded with a status of 401 () @ https://balasin-ai-tau.vercel.app/api/dashboard-operations:0
[  142898ms] [ERROR] Failed to load resource: the server responded with a status of 401 () @ https://balasin-ai-tau.vercel.app/api/dashboard-config:0
[  147944ms] [ERROR] Failed to load resource: the server responded with a status of 401 () @ https://balasin-ai-tau.vercel.app/api/dashboard-config:0
[  152912ms] [ERROR] Failed to load resource: the server responded with a status of 401 () @ https://balasin-ai-tau.vercel.app/api/dashboard-config:0
[  152928ms] [ERROR] Failed to load resource: the server responded with a status of 401 () @ https://balasin-ai-tau.vercel.app/api/dashboard-operations:0
[  157990ms] [ERROR] Failed to load resource: the server responded with a status of 401 () @ https://balasin-ai-tau.vercel.app/api/dashboard-config:0
[  162963ms] [ERROR] Failed to load resource: the server responded with a status of 401 () @ https://balasin-ai-tau.vercel.app/api/dashboard-config:0
[  167969ms] [ERROR] Failed to load resource: the server responded with a status of 401 () @ https://balasin-ai-tau.vercel.app/api/dashboard-operations:0
[  167970ms] [ERROR] Failed to load resource: the server responded with a status of 401 () @ https://balasin-ai-tau.vercel.app/api/dashboard-config:0
[  172927ms] [ERROR] Failed to load resource: the server responded with a status of 401 () @ https://balasin-ai-tau.vercel.app/api/dashboard-config:0
[  177897ms] [ERROR] Failed to load resource: the server responded with a status of 401 () @ https://balasin-ai-tau.vercel.app/api/dashboard-config:0
[  183029ms] [ERROR] Failed to load resource: the server responded with a status of 401 () @ https://balasin-ai-tau.vercel.app/api/dashboard-config:0
[  183035ms] [ERROR] Failed to load resource: the server responded with a status of 401 () @ https://balasin-ai-tau.vercel.app/api/dashboard-operations:0
[  188437ms] [ERROR] Failed to load resource: the server responded with a status of 401 () @ https://balasin-ai-tau.vercel.app/api/dashboard-config:0
[  192895ms] [ERROR] Failed to load resource: the server responded with a status of 401 () @ https://balasin-ai-tau.vercel.app/api/dashboard-config:0
[  197894ms] [ERROR] Failed to load resource: the server responded with a status of 401 () @ https://balasin-ai-tau.vercel.app/api/dashboard-config:0
[  197919ms] [ERROR] Failed to load resource: the server responded with a status of 401 () @ https://balasin-ai-tau.vercel.app/api/dashboard-operations:0
[  202931ms] [ERROR] Failed to load resource: the server responded with a status of 401 () @ https://balasin-ai-tau.vercel.app/api/dashboard-config:0
[  207943ms] [ERROR] Failed to load resource: the server responded with a status of 401 () @ https://balasin-ai-tau.vercel.app/api/dashboard-config:0
[  212942ms] [ERROR] Failed to load resource: the server responded with a status of 401 () @ https://balasin-ai-tau.vercel.app/api/dashboard-config:0
[  212943ms] [ERROR] Failed to load resource: the server responded with a status of 401 () @ https://balasin-ai-tau.vercel.app/api/dashboard-operations:0
[  217933ms] [ERROR] Failed to load resource: the server responded with a status of 401 () @ https://balasin-ai-tau.vercel.app/api/dashboard-config:0
[  222981ms] [ERROR] Failed to load resource: the server responded with a status of 401 () @ https://balasin-ai-tau.vercel.app/api/dashboard-config:0
[  227970ms] [ERROR] Failed to load resource: the server responded with a status of 401 () @ https://balasin-ai-tau.vercel.app/api/dashboard-config:0
[  227972ms] [ERROR] Failed to load resource: the server responded with a status of 401 () @ https://balasin-ai-tau.vercel.app/api/dashboard-operations:0
[  233430ms] [ERROR] Failed to load resource: the server responded with a status of 401 () @ https://balasin-ai-tau.vercel.app/api/dashboard-config:0
[  237915ms] [ERROR] Failed to load resource: the server responded with a status of 401 () @ https://balasin-ai-tau.vercel.app/api/dashboard-config:0
[  242899ms] [ERROR] Failed to load resource: the server responded with a status of 401 () @ https://balasin-ai-tau.vercel.app/api/dashboard-config:0
[  242922ms] [ERROR] Failed to load resource: the server responded with a status of 401 () @ https://balasin-ai-tau.vercel.app/api/dashboard-operations:0
[  247925ms] [ERROR] Failed to load resource: the server responded with a status of 401 () @ https://balasin-ai-tau.vercel.app/api/dashboard-config:0
[  252893ms] [ERROR] Failed to load resource: the server responded with a status of 401 () @ https://balasin-ai-tau.vercel.app/api/dashboard-config:0
[  257931ms] [ERROR] Failed to load resource: the server responded with a status of 401 () @ https://balasin-ai-tau.vercel.app/api/dashboard-config:0
[  257994ms] [ERROR] Failed to load resource: the server responded with a status of 401 () @ https://balasin-ai-tau.vercel.app/api/dashboard-operations:0
[  262907ms] [ERROR] Failed to load resource: the server responded with a status of 401 () @ https://balasin-ai-tau.vercel.app/api/dashboard-config:0
[  268326ms] [ERROR] Failed to load resource: the server responded with a status of 401 () @ https://balasin-ai-tau.vercel.app/api/dashboard-config:0
[  273117ms] [ERROR] Failed to load resource: the server responded with a status of 401 () @ https://balasin-ai-tau.vercel.app/api/dashboard-config:0
[  273118ms] [ERROR] Failed to load resource: the server responded with a status of 401 () @ https://balasin-ai-tau.vercel.app/api/dashboard-operations:0
[  278074ms] [ERROR] Failed to load resource: the server responded with a status of 401 () @ https://balasin-ai-tau.vercel.app/api/dashboard-config:0
[  283308ms] [ERROR] Failed to load resource: the server responded with a status of 401 () @ https://balasin-ai-tau.vercel.app/api/dashboard-config:0
[  287940ms] [ERROR] Failed to load resource: the server responded with a status of 401 () @ https://balasin-ai-tau.vercel.app/api/dashboard-config:0
[  288017ms] [ERROR] Failed to load resource: the server responded with a status of 401 () @ https://balasin-ai-tau.vercel.app/api/dashboard-operations:0
[  292926ms] [ERROR] Failed to load resource: the server responded with a status of 401 () @ https://balasin-ai-tau.vercel.app/api/dashboard-config:0
[  297985ms] [ERROR] Failed to load resource: the server responded with a status of 401 () @ https://balasin-ai-tau.vercel.app/api/dashboard-config:0
[  303090ms] [ERROR] Failed to load resource: the server responded with a status of 401 () @ https://balasin-ai-tau.vercel.app/api/dashboard-config:0
[  303114ms] [ERROR] Failed to load resource: the server responded with a status of 401 () @ https://balasin-ai-tau.vercel.app/api/dashboard-operations:0
[  307914ms] [ERROR] Failed to load resource: the server responded with a status of 401 () @ https://balasin-ai-tau.vercel.app/api/dashboard-config:0
[  313100ms] [ERROR] Failed to load resource: the server responded with a status of 401 () @ https://balasin-ai-tau.vercel.app/api/dashboard-config:0
[  318022ms] [ERROR] Failed to load resource: the server responded with a status of 401 () @ https://balasin-ai-tau.vercel.app/api/dashboard-operations:0
[  318022ms] [ERROR] Failed to load resource: the server responded with a status of 401 () @ https://balasin-ai-tau.vercel.app/api/dashboard-config:0
[  323063ms] [ERROR] Failed to load resource: the server responded with a status of 401 () @ https://balasin-ai-tau.vercel.app/api/dashboard-config:0
[  328245ms] [ERROR] Failed to load resource: the server responded with a status of 401 () @ https://balasin-ai-tau.vercel.app/api/dashboard-config:0
[  333183ms] [ERROR] Failed to load resource: the server responded with a status of 401 () @ https://balasin-ai-tau.vercel.app/api/dashboard-config:0
[  333189ms] [ERROR] Failed to load resource: the server responded with a status of 401 () @ https://balasin-ai-tau.vercel.app/api/dashboard-operations:0
[  337905ms] [ERROR] Failed to load resource: the server responded with a status of 401 () @ https://balasin-ai-tau.vercel.app/api/dashboard-config:0
[  343024ms] [ERROR] Failed to load resource: the server responded with a status of 401 () @ https://balasin-ai-tau.vercel.app/api/dashboard-config:0
[  347898ms] [ERROR] Failed to load resource: the server responded with a status of 401 () @ https://balasin-ai-tau.vercel.app/api/dashboard-config:0
[  347910ms] [ERROR] Failed to load resource: the server responded with a status of 401 () @ https://balasin-ai-tau.vercel.app/api/dashboard-operations:0
[  352892ms] [ERROR] Failed to load resource: the server responded with a status of 401 () @ https://balasin-ai-tau.vercel.app/api/dashboard-config:0
[  357920ms] [ERROR] Failed to load resource: the server responded with a status of 401 () @ https://balasin-ai-tau.vercel.app/api/dashboard-config:0
[  362895ms] [ERROR] Failed to load resource: the server responded with a status of 401 () @ https://balasin-ai-tau.vercel.app/api/dashboard-config:0
[  362906ms] [ERROR] Failed to load resource: the server responded with a status of 401 () @ https://balasin-ai-tau.vercel.app/api/dashboard-operations:0
[  368381ms] [ERROR] Failed to load resource: the server responded with a status of 401 () @ https://balasin-ai-tau.vercel.app/api/dashboard-config:0
[  373722ms] [ERROR] Failed to load resource: the server responded with a status of 401 () @ https://balasin-ai-tau.vercel.app/api/dashboard-config:0
[  378099ms] [ERROR] Failed to load resource: the server responded with a status of 401 () @ https://balasin-ai-tau.vercel.app/api/dashboard-config:0
[  378101ms] [ERROR] Failed to load resource: the server responded with a status of 401 () @ https://balasin-ai-tau.vercel.app/api/dashboard-operations:0
[  382886ms] [ERROR] Failed to load resource: the server responded with a status of 401 () @ https://balasin-ai-tau.vercel.app/api/dashboard-config:0
[  387910ms] [ERROR] Failed to load resource: the server responded with a status of 401 () @ https://balasin-ai-tau.vercel.app/api/dashboard-config:0
[  394017ms] [ERROR] Failed to load resource: the server responded with a status of 401 () @ https://balasin-ai-tau.vercel.app/api/dashboard-operations:0
[  394017ms] [ERROR] Failed to load resource: the server responded with a status of 401 () @ https://balasin-ai-tau.vercel.app/api/dashboard-config:0
[  398204ms] [ERROR] Failed to load resource: the server responded with a status of 401 () @ https://balasin-ai-tau.vercel.app/api/dashboard-config:0
[  403411ms] [ERROR] Failed to load resource: the server responded with a status of 401 () @ https://balasin-ai-tau.vercel.app/api/dashboard-config:0
[  407904ms] [ERROR] Failed to load resource: the server responded with a status of 401 () @ https://balasin-ai-tau.vercel.app/api/dashboard-config:0
[  407929ms] [ERROR] Failed to load resource: the server responded with a status of 401 () @ https://balasin-ai-tau.vercel.app/api/dashboard-operations:0
[  413372ms] [ERROR] Failed to load resource: the server responded with a status of 401 () @ https://balasin-ai-tau.vercel.app/api/dashboard-config:0
[  418159ms] [ERROR] Failed to load resource: the server responded with a status of 401 () @ https://balasin-ai-tau.vercel.app/api/dashboard-config:0
[  423531ms] [ERROR] Failed to load resource: the server responded with a status of 401 () @ https://balasin-ai-tau.vercel.app/api/dashboard-config:0
[  423535ms] [ERROR] Failed to load resource: the server responded with a status of 401 () @ https://balasin-ai-tau.vercel.app/api/dashboard-operations:0
[  427984ms] [ERROR] Failed to load resource: the server responded with a status of 401 () @ https://balasin-ai-tau.vercel.app/api/dashboard-config:0
[  432975ms] [ERROR] Failed to load resource: the server responded with a status of 401 () @ https://balasin-ai-tau.vercel.app/api/dashboard-config:0
[  437897ms] [ERROR] Failed to load resource: the server responded with a status of 401 () @ https://balasin-ai-tau.vercel.app/api/dashboard-config:0
[  437936ms] [ERROR] Failed to load resource: the server responded with a status of 401 () @ https://balasin-ai-tau.vercel.app/api/dashboard-operations:0
[  442914ms] [ERROR] Failed to load resource: the server responded with a status of 401 () @ https://balasin-ai-tau.vercel.app/api/dashboard-config:0
[  447938ms] [ERROR] Failed to load resource: the server responded with a status of 401 () @ https://balasin-ai-tau.vercel.app/api/dashboard-config:0
[  452908ms] [ERROR] Failed to load resource: the server responded with a status of 401 () @ https://balasin-ai-tau.vercel.app/api/dashboard-config:0
[  452932ms] [ERROR] Failed to load resource: the server responded with a status of 401 () @ https://balasin-ai-tau.vercel.app/api/dashboard-operations:0
[  457940ms] [ERROR] Failed to load resource: the server responded with a status of 401 () @ https://balasin-ai-tau.vercel.app/api/dashboard-config:0
[  462899ms] [ERROR] Failed to load resource: the server responded with a status of 401 () @ https://balasin-ai-tau.vercel.app/api/dashboard-config:0
[  468138ms] [ERROR] Failed to load resource: the server responded with a status of 401 () @ https://balasin-ai-tau.vercel.app/api/dashboard-operations:0
[  468139ms] [ERROR] Failed to load resource: the server responded with a status of 401 () @ https://balasin-ai-tau.vercel.app/api/dashboard-config:0
[  473267ms] [ERROR] Failed to load resource: the server responded with a status of 401 () @ https://balasin-ai-tau.vercel.app/api/dashboard-config:0
[  477905ms] [ERROR] Failed to load resource: the server responded with a status of 401 () @ https://balasin-ai-tau.vercel.app/api/dashboard-config:0
[  483298ms] [ERROR] Failed to load resource: the server responded with a status of 401 () @ https://balasin-ai-tau.vercel.app/api/dashboard-config:0
[  483299ms] [ERROR] Failed to load resource: the server responded with a status of 401 () @ https://balasin-ai-tau.vercel.app/api/dashboard-operations:0
[  488006ms] [ERROR] Failed to load resource: the server responded with a status of 401 () @ https://balasin-ai-tau.vercel.app/api/dashboard-config:0
[  492893ms] [ERROR] Failed to load resource: the server responded with a status of 401 () @ https://balasin-ai-tau.vercel.app/api/dashboard-config:0
[  497921ms] [ERROR] Failed to load resource: the server responded with a status of 401 () @ https://balasin-ai-tau.vercel.app/api/dashboard-config:0
[  497921ms] [ERROR] Failed to load resource: the server responded with a status of 401 () @ https://balasin-ai-tau.vercel.app/api/dashboard-operations:0
[  502900ms] [ERROR] Failed to load resource: the server responded with a status of 401 () @ https://balasin-ai-tau.vercel.app/api/dashboard-config:0
[  507886ms] [ERROR] Failed to load resource: the server responded with a status of 401 () @ https://balasin-ai-tau.vercel.app/api/dashboard-config:0
[  512903ms] [ERROR] Failed to load resource: the server responded with a status of 401 () @ https://balasin-ai-tau.vercel.app/api/dashboard-config:0
[  512906ms] [ERROR] Failed to load resource: the server responded with a status of 401 () @ https://balasin-ai-tau.vercel.app/api/dashboard-operations:0
[  517890ms] [ERROR] Failed to load resource: the server responded with a status of 401 () @ https://balasin-ai-tau.vercel.app/api/dashboard-config:0
[  522889ms] [ERROR] Failed to load resource: the server responded with a status of 401 () @ https://balasin-ai-tau.vercel.app/api/dashboard-config:0
[  527907ms] [ERROR] Failed to load resource: the server responded with a status of 401 () @ https://balasin-ai-tau.vercel.app/api/dashboard-config:0
[  527917ms] [ERROR] Failed to load resource: the server responded with a status of 401 () @ https://balasin-ai-tau.vercel.app/api/dashboard-operations:0
[  532983ms] [ERROR] Failed to load resource: the server responded with a status of 401 () @ https://balasin-ai-tau.vercel.app/api/dashboard-config:0
[  537900ms] [ERROR] Failed to load resource: the server responded with a status of 401 () @ https://balasin-ai-tau.vercel.app/api/dashboard-config:0
[  542889ms] [ERROR] Failed to load resource: the server responded with a status of 401 () @ https://balasin-ai-tau.vercel.app/api/dashboard-config:0
[  542911ms] [ERROR] Failed to load resource: the server responded with a status of 401 () @ https://balasin-ai-tau.vercel.app/api/dashboard-operations:0
[  547890ms] [ERROR] Failed to load resource: the server responded with a status of 401 () @ https://balasin-ai-tau.vercel.app/api/dashboard-config:0
[  552900ms] [ERROR] Failed to load resource: the server responded with a status of 401 () @ https://balasin-ai-tau.vercel.app/api/dashboard-config:0
[  557902ms] [ERROR] Failed to load resource: the server responded with a status of 401 () @ https://balasin-ai-tau.vercel.app/api/dashboard-operations:0
[  557907ms] [ERROR] Failed to load resource: the server responded with a status of 401 () @ https://balasin-ai-tau.vercel.app/api/dashboard-config:0
[  562914ms] [ERROR] Failed to load resource: the server responded with a status of 401 () @ https://balasin-ai-tau.vercel.app/api/dashboard-config:0
[  567904ms] [ERROR] Failed to load resource: the server responded with a status of 401 () @ https://balasin-ai-tau.vercel.app/api/dashboard-config:0
[  572905ms] [ERROR] Failed to load resource: the server responded with a status of 401 () @ https://balasin-ai-tau.vercel.app/api/dashboard-config:0
[  572921ms] [ERROR] Failed to load resource: the server responded with a status of 401 () @ https://balasin-ai-tau.vercel.app/api/dashboard-operations:0
[  577898ms] [ERROR] Failed to load resource: the server responded with a status of 401 () @ https://balasin-ai-tau.vercel.app/api/dashboard-config:0
[  582904ms] [ERROR] Failed to load resource: the server responded with a status of 401 () @ https://balasin-ai-tau.vercel.app/api/dashboard-config:0
[  587891ms] [ERROR] Failed to load resource: the server responded with a status of 401 () @ https://balasin-ai-tau.vercel.app/api/dashboard-config:0
[  587914ms] [ERROR] Failed to load resource: the server responded with a status of 401 () @ https://balasin-ai-tau.vercel.app/api/dashboard-operations:0
[  592907ms] [ERROR] Failed to load resource: the server responded with a status of 401 () @ https://balasin-ai-tau.vercel.app/api/dashboard-config:0
[  597896ms] [ERROR] Failed to load resource: the server responded with a status of 401 () @ https://balasin-ai-tau.vercel.app/api/dashboard-config:0
[  602887ms] [ERROR] Failed to load resource: the server responded with a status of 401 () @ https://balasin-ai-tau.vercel.app/api/dashboard-config:0
[  602911ms] [ERROR] Failed to load resource: the server responded with a status of 401 () @ https://balasin-ai-tau.vercel.app/api/dashboard-operations:0
[  607898ms] [ERROR] Failed to load resource: the server responded with a status of 401 () @ https://balasin-ai-tau.vercel.app/api/dashboard-config:0
[  612898ms] [ERROR] Failed to load resource: the server responded with a status of 401 () @ https://balasin-ai-tau.vercel.app/api/dashboard-config:0
[  618101ms] [ERROR] Failed to load resource: the server responded with a status of 401 () @ https://balasin-ai-tau.vercel.app/api/dashboard-operations:0
[  618153ms] [ERROR] Failed to load resource: the server responded with a status of 401 () @ https://balasin-ai-tau.vercel.app/api/dashboard-config:0
[  622898ms] [ERROR] Failed to load resource: the server responded with a status of 401 () @ https://balasin-ai-tau.vercel.app/api/dashboard-config:0
[  627903ms] [ERROR] Failed to load resource: the server responded with a status of 401 () @ https://balasin-ai-tau.vercel.app/api/dashboard-config:0
[  632923ms] [ERROR] Failed to load resource: the server responded with a status of 401 () @ https://balasin-ai-tau.vercel.app/api/dashboard-operations:0
[  632923ms] [ERROR] Failed to load resource: the server responded with a status of 401 () @ https://balasin-ai-tau.vercel.app/api/dashboard-config:0
[  637918ms] [ERROR] Failed to load resource: the server responded with a status of 401 () @ https://balasin-ai-tau.vercel.app/api/dashboard-config:0
[  642895ms] [ERROR] Failed to load resource: the server responded with a status of 401 () @ https://balasin-ai-tau.vercel.app/api/dashboard-config:0
[  647927ms] [ERROR] Failed to load resource: the server responded with a status of 401 () @ https://balasin-ai-tau.vercel.app/api/dashboard-config:0
[  647933ms] [ERROR] Failed to load resource: the server responded with a status of 401 () @ https://balasin-ai-tau.vercel.app/api/dashboard-operations:0
[  652939ms] [ERROR] Failed to load resource: the server responded with a status of 401 () @ https://balasin-ai-tau.vercel.app/api/dashboard-config:0
[  657926ms] [ERROR] Failed to load resource: the server responded with a status of 401 () @ https://balasin-ai-tau.vercel.app/api/dashboard-config:0
[  662950ms] [ERROR] Failed to load resource: the server responded with a status of 401 () @ https://balasin-ai-tau.vercel.app/api/dashboard-operations:0
[  662951ms] [ERROR] Failed to load resource: the server responded with a status of 401 () @ https://balasin-ai-tau.vercel.app/api/dashboard-config:0
[  667887ms] [ERROR] Failed to load resource: the server responded with a status of 401 () @ https://balasin-ai-tau.vercel.app/api/dashboard-config:0
[  672889ms] [ERROR] Failed to load resource: the server responded with a status of 401 () @ https://balasin-ai-tau.vercel.app/api/dashboard-config:0
[  677895ms] [ERROR] Failed to load resource: the server responded with a status of 401 () @ https://balasin-ai-tau.vercel.app/api/dashboard-config:0
[  677910ms] [ERROR] Failed to load resource: the server responded with a status of 401 () @ https://balasin-ai-tau.vercel.app/api/dashboard-operations:0
[  682892ms] [ERROR] Failed to load resource: the server responded with a status of 401 () @ https://balasin-ai-tau.vercel.app/api/dashboard-config:0
[  687894ms] [ERROR] Failed to load resource: the server responded with a status of 401 () @ https://balasin-ai-tau.vercel.app/api/dashboard-config:0
[  692899ms] [ERROR] Failed to load resource: the server responded with a status of 401 () @ https://balasin-ai-tau.vercel.app/api/dashboard-config:0
[  692906ms] [ERROR] Failed to load resource: the server responded with a status of 401 () @ https://balasin-ai-tau.vercel.app/api/dashboard-operations:0
[  697883ms] [ERROR] Failed to load resource: the server responded with a status of 401 () @ https://balasin-ai-tau.vercel.app/api/dashboard-config:0
[  702894ms] [ERROR] Failed to load resource: the server responded with a status of 401 () @ https://balasin-ai-tau.vercel.app/api/dashboard-config:0
[  707890ms] [ERROR] Failed to load resource: the server responded with a status of 401 () @ https://balasin-ai-tau.vercel.app/api/dashboard-config:0
[  707911ms] [ERROR] Failed to load resource: the server responded with a status of 401 () @ https://balasin-ai-tau.vercel.app/api/dashboard-operations:0
[  712898ms] [ERROR] Failed to load resource: the server responded with a status of 401 () @ https://balasin-ai-tau.vercel.app/api/dashboard-config:0
[  717882ms] [ERROR] Failed to load resource: the server responded with a status of 401 () @ https://balasin-ai-tau.vercel.app/api/dashboard-config:0
[  722889ms] [ERROR] Failed to load resource: the server responded with a status of 401 () @ https://balasin-ai-tau.vercel.app/api/dashboard-config:0
[  722904ms] [ERROR] Failed to load resource: the server responded with a status of 401 () @ https://balasin-ai-tau.vercel.app/api/dashboard-operations:0
[  727913ms] [ERROR] Failed to load resource: the server responded with a status of 401 () @ https://balasin-ai-tau.vercel.app/api/dashboard-config:0
[  732892ms] [ERROR] Failed to load resource: the server responded with a status of 401 () @ https://balasin-ai-tau.vercel.app/api/dashboard-config:0
[  737906ms] [ERROR] Failed to load resource: the server responded with a status of 401 () @ https://balasin-ai-tau.vercel.app/api/dashboard-config:0
[  737908ms] [ERROR] Failed to load resource: the server responded with a status of 401 () @ https://balasin-ai-tau.vercel.app/api/dashboard-operations:0
[  742900ms] [ERROR] Failed to load resource: the server responded with a status of 401 () @ https://balasin-ai-tau.vercel.app/api/dashboard-config:0
[  747898ms] [ERROR] Failed to load resource: the server responded with a status of 401 () @ https://balasin-ai-tau.vercel.app/api/dashboard-config:0
[  752907ms] [ERROR] Failed to load resource: the server responded with a status of 401 () @ https://balasin-ai-tau.vercel.app/api/dashboard-config:0
[  752914ms] [ERROR] Failed to load resource: the server responded with a status of 401 () @ https://balasin-ai-tau.vercel.app/api/dashboard-operations:0
[  757900ms] [ERROR] Failed to load resource: the server responded with a status of 401 () @ https://balasin-ai-tau.vercel.app/api/dashboard-config:0
[  762900ms] [ERROR] Failed to load resource: the server responded with a status of 401 () @ https://balasin-ai-tau.vercel.app/api/dashboard-config:0
[  767903ms] [ERROR] Failed to load resource: the server responded with a status of 401 () @ https://balasin-ai-tau.vercel.app/api/dashboard-config:0
[  767915ms] [ERROR] Failed to load resource: the server responded with a status of 401 () @ https://balasin-ai-tau.vercel.app/api/dashboard-operations:0
[  772892ms] [ERROR] Failed to load resource: the server responded with a status of 401 () @ https://balasin-ai-tau.vercel.app/api/dashboard-config:0
[  777928ms] [ERROR] Failed to load resource: the server responded with a status of 401 () @ https://balasin-ai-tau.vercel.app/api/dashboard-config:0
[  782904ms] [ERROR] Failed to load resource: the server responded with a status of 401 () @ https://balasin-ai-tau.vercel.app/api/dashboard-config:0
[  783105ms] [ERROR] Failed to load resource: the server responded with a status of 401 () @ https://balasin-ai-tau.vercel.app/api/dashboard-operations:0
[  787911ms] [ERROR] Failed to load resource: the server responded with a status of 401 () @ https://balasin-ai-tau.vercel.app/api/dashboard-config:0
[  792916ms] [ERROR] Failed to load resource: the server responded with a status of 401 () @ https://balasin-ai-tau.vercel.app/api/dashboard-config:0
[  797942ms] [ERROR] Failed to load resource: the server responded with a status of 401 () @ https://balasin-ai-tau.vercel.app/api/dashboard-config:0
[  797943ms] [ERROR] Failed to load resource: the server responded with a status of 401 () @ https://balasin-ai-tau.vercel.app/api/dashboard-operations:0
[  803127ms] [ERROR] Failed to load resource: the server responded with a status of 401 () @ https://balasin-ai-tau.vercel.app/api/dashboard-config:0
[  807899ms] [ERROR] Failed to load resource: the server responded with a status of 401 () @ https://balasin-ai-tau.vercel.app/api/dashboard-config:0
[  812906ms] [ERROR] Failed to load resource: the server responded with a status of 401 () @ https://balasin-ai-tau.vercel.app/api/dashboard-config:0
[  812949ms] [ERROR] Failed to load resource: the server responded with a status of 401 () @ https://balasin-ai-tau.vercel.app/api/dashboard-operations:0
[  817905ms] [ERROR] Failed to load resource: the server responded with a status of 401 () @ https://balasin-ai-tau.vercel.app/api/dashboard-config:0
[  822896ms] [ERROR] Failed to load resource: the server responded with a status of 401 () @ https://balasin-ai-tau.vercel.app/api/dashboard-config:0
[  827928ms] [ERROR] Failed to load resource: the server responded with a status of 401 () @ https://balasin-ai-tau.vercel.app/api/dashboard-operations:0
[  827929ms] [ERROR] Failed to load resource: the server responded with a status of 401 () @ https://balasin-ai-tau.vercel.app/api/dashboard-config:0
[  832889ms] [ERROR] Failed to load resource: the server responded with a status of 401 () @ https://balasin-ai-tau.vercel.app/api/dashboard-config:0
[  837905ms] [ERROR] Failed to load resource: the server responded with a status of 401 () @ https://balasin-ai-tau.vercel.app/api/dashboard-config:0
[  842896ms] [ERROR] Failed to load resource: the server responded with a status of 401 () @ https://balasin-ai-tau.vercel.app/api/dashboard-config:0
[  842920ms] [ERROR] Failed to load resource: the server responded with a status of 401 () @ https://balasin-ai-tau.vercel.app/api/dashboard-operations:0
[  847892ms] [ERROR] Failed to load resource: the server responded with a status of 401 () @ https://balasin-ai-tau.vercel.app/api/dashboard-config:0
[  852887ms] [ERROR] Failed to load resource: the server responded with a status of 401 () @ https://balasin-ai-tau.vercel.app/api/dashboard-config:0
[  857897ms] [ERROR] Failed to load resource: the server responded with a status of 401 () @ https://balasin-ai-tau.vercel.app/api/dashboard-config:0
[  857910ms] [ERROR] Failed to load resource: the server responded with a status of 401 () @ https://balasin-ai-tau.vercel.app/api/dashboard-operations:0
[  862934ms] [ERROR] Failed to load resource: the server responded with a status of 401 () @ https://balasin-ai-tau.vercel.app/api/dashboard-config:0
[  867896ms] [ERROR] Failed to load resource: the server responded with a status of 401 () @ https://balasin-ai-tau.vercel.app/api/dashboard-config:0
[  872895ms] [ERROR] Failed to load resource: the server responded with a status of 401 () @ https://balasin-ai-tau.vercel.app/api/dashboard-config:0
[  872902ms] [ERROR] Failed to load resource: the server responded with a status of 401 () @ https://balasin-ai-tau.vercel.app/api/dashboard-operations:0
[  877898ms] [ERROR] Failed to load resource: the server responded with a status of 401 () @ https://balasin-ai-tau.vercel.app/api/dashboard-config:0
[  882893ms] [ERROR] Failed to load resource: the server responded with a status of 401 () @ https://balasin-ai-tau.vercel.app/api/dashboard-config:0
[  887905ms] [ERROR] Failed to load resource: the server responded with a status of 401 () @ https://balasin-ai-tau.vercel.app/api/dashboard-config:0
[  887926ms] [ERROR] Failed to load resource: the server responded with a status of 401 () @ https://balasin-ai-tau.vercel.app/api/dashboard-operations:0
[  892884ms] [ERROR] Failed to load resource: the server responded with a status of 401 () @ https://balasin-ai-tau.vercel.app/api/dashboard-config:0
[  897902ms] [ERROR] Failed to load resource: the server responded with a status of 401 () @ https://balasin-ai-tau.vercel.app/api/dashboard-config:0
[  902918ms] [ERROR] Failed to load resource: the server responded with a status of 401 () @ https://balasin-ai-tau.vercel.app/api/dashboard-operations:0
[  902918ms] [ERROR] Failed to load resource: the server responded with a status of 401 () @ https://balasin-ai-tau.vercel.app/api/dashboard-config:0
[  908244ms] [ERROR] Failed to load resource: the server responded with a status of 401 () @ https://balasin-ai-tau.vercel.app/api/dashboard-config:0
[  913080ms] [ERROR] Failed to load resource: the server responded with a status of 401 () @ https://balasin-ai-tau.vercel.app/api/dashboard-config:0
[  917910ms] [ERROR] Failed to load resource: the server responded with a status of 401 () @ https://balasin-ai-tau.vercel.app/api/dashboard-config:0
[  917911ms] [ERROR] Failed to load resource: the server responded with a status of 401 () @ https://balasin-ai-tau.vercel.app/api/dashboard-operations:0
[  922917ms] [ERROR] Failed to load resource: the server responded with a status of 401 () @ https://balasin-ai-tau.vercel.app/api/dashboard-config:0
[  927933ms] [ERROR] Failed to load resource: the server responded with a status of 401 () @ https://balasin-ai-tau.vercel.app/api/dashboard-config:0
[  932907ms] [ERROR] Failed to load resource: the server responded with a status of 401 () @ https://balasin-ai-tau.vercel.app/api/dashboard-config:0
[  932908ms] [ERROR] Failed to load resource: the server responded with a status of 401 () @ https://balasin-ai-tau.vercel.app/api/dashboard-operations:0
[  937897ms] [ERROR] Failed to load resource: the server responded with a status of 401 () @ https://balasin-ai-tau.vercel.app/api/dashboard-config:0
[  942899ms] [ERROR] Failed to load resource: the server responded with a status of 401 () @ https://balasin-ai-tau.vercel.app/api/dashboard-config:0
[  947896ms] [ERROR] Failed to load resource: the server responded with a status of 401 () @ https://balasin-ai-tau.vercel.app/api/dashboard-config:0
[  947911ms] [ERROR] Failed to load resource: the server responded with a status of 401 () @ https://balasin-ai-tau.vercel.app/api/dashboard-operations:0
[  952890ms] [ERROR] Failed to load resource: the server responded with a status of 401 () @ https://balasin-ai-tau.vercel.app/api/dashboard-config:0
[  957895ms] [ERROR] Failed to load resource: the server responded with a status of 401 () @ https://balasin-ai-tau.vercel.app/api/dashboard-config:0
[  962993ms] [ERROR] Failed to load resource: the server responded with a status of 401 () @ https://balasin-ai-tau.vercel.app/api/dashboard-config:0
[  962993ms] [ERROR] Failed to load resource: the server responded with a status of 401 () @ https://balasin-ai-tau.vercel.app/api/dashboard-operations:0
[  967962ms] [ERROR] Failed to load resource: the server responded with a status of 401 () @ https://balasin-ai-tau.vercel.app/api/dashboard-config:0
[  972912ms] [ERROR] Failed to load resource: the server responded with a status of 401 () @ https://balasin-ai-tau.vercel.app/api/dashboard-config:0
[  977897ms] [ERROR] Failed to load resource: the server responded with a status of 401 () @ https://balasin-ai-tau.vercel.app/api/dashboard-config:0
[  977908ms] [ERROR] Failed to load resource: the server responded with a status of 401 () @ https://balasin-ai-tau.vercel.app/api/dashboard-operations:0
[  982908ms] [ERROR] Failed to load resource: the server responded with a status of 401 () @ https://balasin-ai-tau.vercel.app/api/dashboard-config:0
[  987898ms] [ERROR] Failed to load resource: the server responded with a status of 401 () @ https://balasin-ai-tau.vercel.app/api/dashboard-config:0
[  992976ms] [ERROR] Failed to load resource: the server responded with a status of 401 () @ https://balasin-ai-tau.vercel.app/api/dashboard-config:0
[  992985ms] [ERROR] Failed to load resource: the server responded with a status of 401 () @ https://balasin-ai-tau.vercel.app/api/dashboard-operations:0
[  997900ms] [ERROR] Failed to load resource: the server responded with a status of 401 () @ https://balasin-ai-tau.vercel.app/api/dashboard-config:0
[ 1002886ms] [ERROR] Failed to load resource: the server responded with a status of 401 () @ https://balasin-ai-tau.vercel.app/api/dashboard-config:0
[ 1007911ms] [ERROR] Failed to load resource: the server responded with a status of 401 () @ https://balasin-ai-tau.vercel.app/api/dashboard-config:0
[ 1007920ms] [ERROR] Failed to load resource: the server responded with a status of 401 () @ https://balasin-ai-tau.vercel.app/api/dashboard-operations:0
[ 1012902ms] [ERROR] Failed to load resource: the server responded with a status of 401 () @ https://balasin-ai-tau.vercel.app/api/dashboard-config:0
[ 1017896ms] [ERROR] Failed to load resource: the server responded with a status of 401 () @ https://balasin-ai-tau.vercel.app/api/dashboard-config:0
[ 1022996ms] [ERROR] Failed to load resource: the server responded with a status of 401 () @ https://balasin-ai-tau.vercel.app/api/dashboard-config:0
[ 1022997ms] [ERROR] Failed to load resource: the server responded with a status of 401 () @ https://balasin-ai-tau.vercel.app/api/dashboard-operations:0
[ 1028056ms] [ERROR] Failed to load resource: the server responded with a status of 401 () @ https://balasin-ai-tau.vercel.app/api/dashboard-config:0
[ 1033067ms] [ERROR] Failed to load resource: the server responded with a status of 401 () @ https://balasin-ai-tau.vercel.app/api/dashboard-config:0
[ 1038266ms] [ERROR] Failed to load resource: the server responded with a status of 401 () @ https://balasin-ai-tau.vercel.app/api/dashboard-config:0
[ 1038268ms] [ERROR] Failed to load resource: the server responded with a status of 401 () @ https://balasin-ai-tau.vercel.app/api/dashboard-operations:0
[ 1043188ms] [ERROR] Failed to load resource: the server responded with a status of 401 () @ https://balasin-ai-tau.vercel.app/api/dashboard-config:0
[ 1048372ms] [ERROR] Failed to load resource: the server responded with a status of 401 () @ https://balasin-ai-tau.vercel.app/api/dashboard-config:0
[ 1053542ms] [ERROR] Failed to load resource: the server responded with a status of 401 () @ https://balasin-ai-tau.vercel.app/api/dashboard-config:0
[ 1053542ms] [ERROR] Failed to load resource: the server responded with a status of 401 () @ https://balasin-ai-tau.vercel.app/api/dashboard-operations:0
[ 1058399ms] [ERROR] Failed to load resource: the server responded with a status of 401 () @ https://balasin-ai-tau.vercel.app/api/dashboard-config:0
[ 1063119ms] [ERROR] Failed to load resource: the server responded with a status of 401 () @ https://balasin-ai-tau.vercel.app/api/dashboard-config:0
[ 1068250ms] [ERROR] Failed to load resource: the server responded with a status of 401 () @ https://balasin-ai-tau.vercel.app/api/dashboard-config:0
[ 1068250ms] [ERROR] Failed to load resource: the server responded with a status of 401 () @ https://balasin-ai-tau.vercel.app/api/dashboard-operations:0
[ 1073386ms] [ERROR] Failed to load resource: the server responded with a status of 401 () @ https://balasin-ai-tau.vercel.app/api/dashboard-config:0
[ 1078032ms] [ERROR] Failed to load resource: the server responded with a status of 401 () @ https://balasin-ai-tau.vercel.app/api/dashboard-config:0
[ 1082987ms] [ERROR] Failed to load resource: the server responded with a status of 401 () @ https://balasin-ai-tau.vercel.app/api/dashboard-operations:0
[ 1082988ms] [ERROR] Failed to load resource: the server responded with a status of 401 () @ https://balasin-ai-tau.vercel.app/api/dashboard-config:0
[ 1087943ms] [ERROR] Failed to load resource: the server responded with a status of 401 () @ https://balasin-ai-tau.vercel.app/api/dashboard-config:0
[ 1092915ms] [ERROR] Failed to load resource: the server responded with a status of 401 () @ https://balasin-ai-tau.vercel.app/api/dashboard-config:0
[ 1098026ms] [ERROR] Failed to load resource: the server responded with a status of 401 () @ https://balasin-ai-tau.vercel.app/api/dashboard-config:0
[ 1098028ms] [ERROR] Failed to load resource: the server responded with a status of 401 () @ https://balasin-ai-tau.vercel.app/api/dashboard-operations:0
[ 1102981ms] [ERROR] Failed to load resource: the server responded with a status of 401 () @ https://balasin-ai-tau.vercel.app/api/dashboard-config:0
[ 1107909ms] [ERROR] Failed to load resource: the server responded with a status of 401 () @ https://balasin-ai-tau.vercel.app/api/dashboard-config:0
[ 1113011ms] [ERROR] Failed to load resource: the server responded with a status of 401 () @ https://balasin-ai-tau.vercel.app/api/dashboard-config:0
[ 1113032ms] [ERROR] Failed to load resource: the server responded with a status of 401 () @ https://balasin-ai-tau.vercel.app/api/dashboard-operations:0
[ 1117906ms] [ERROR] Failed to load resource: the server responded with a status of 401 () @ https://balasin-ai-tau.vercel.app/api/dashboard-config:0
[ 1122967ms] [ERROR] Failed to load resource: the server responded with a status of 401 () @ https://balasin-ai-tau.vercel.app/api/dashboard-config:0
[ 1127908ms] [ERROR] Failed to load resource: the server responded with a status of 401 () @ https://balasin-ai-tau.vercel.app/api/dashboard-config:0
[ 1127913ms] [ERROR] Failed to load resource: the server responded with a status of 401 () @ https://balasin-ai-tau.vercel.app/api/dashboard-operations:0
[ 1132909ms] [ERROR] Failed to load resource: the server responded with a status of 401 () @ https://balasin-ai-tau.vercel.app/api/dashboard-config:0
[ 1137906ms] [ERROR] Failed to load resource: the server responded with a status of 401 () @ https://balasin-ai-tau.vercel.app/api/dashboard-config:0
[ 1142906ms] [ERROR] Failed to load resource: the server responded with a status of 401 () @ https://balasin-ai-tau.vercel.app/api/dashboard-config:0
[ 1142915ms] [ERROR] Failed to load resource: the server responded with a status of 401 () @ https://balasin-ai-tau.vercel.app/api/dashboard-operations:0
[ 1147901ms] [ERROR] Failed to load resource: the server responded with a status of 401 () @ https://balasin-ai-tau.vercel.app/api/dashboard-config:0
[ 1152899ms] [ERROR] Failed to load resource: the server responded with a status of 401 () @ https://balasin-ai-tau.vercel.app/api/dashboard-config:0
[ 1157912ms] [ERROR] Failed to load resource: the server responded with a status of 401 () @ https://balasin-ai-tau.vercel.app/api/dashboard-operations:0
[ 1157922ms] [ERROR] Failed to load resource: the server responded with a status of 401 () @ https://balasin-ai-tau.vercel.app/api/dashboard-config:0
[ 1162901ms] [ERROR] Failed to load resource: the server responded with a status of 401 () @ https://balasin-ai-tau.vercel.app/api/dashboard-config:0
[ 1167890ms] [ERROR] Failed to load resource: the server responded with a status of 401 () @ https://balasin-ai-tau.vercel.app/api/dashboard-config:0
[ 1172914ms] [ERROR] Failed to load resource: the server responded with a status of 401 () @ https://balasin-ai-tau.vercel.app/api/dashboard-operations:0
[ 1172978ms] [ERROR] Failed to load resource: the server responded with a status of 401 () @ https://balasin-ai-tau.vercel.app/api/dashboard-config:0
[ 1177917ms] [ERROR] Failed to load resource: the server responded with a status of 401 () @ https://balasin-ai-tau.vercel.app/api/dashboard-config:0
[ 1182893ms] [ERROR] Failed to load resource: the server responded with a status of 401 () @ https://balasin-ai-tau.vercel.app/api/dashboard-config:0
[ 1187892ms] [ERROR] Failed to load resource: the server responded with a status of 401 () @ https://balasin-ai-tau.vercel.app/api/dashboard-config:0
[ 1187903ms] [ERROR] Failed to load resource: the server responded with a status of 401 () @ https://balasin-ai-tau.vercel.app/api/dashboard-operations:0
[ 1192957ms] [ERROR] Failed to load resource: the server responded with a status of 401 () @ https://balasin-ai-tau.vercel.app/api/dashboard-config:0
[ 1197896ms] [ERROR] Failed to load resource: the server responded with a status of 401 () @ https://balasin-ai-tau.vercel.app/api/dashboard-config:0
[ 1202912ms] [ERROR] Failed to load resource: the server responded with a status of 401 () @ https://balasin-ai-tau.vercel.app/api/dashboard-operations:0
[ 1202913ms] [ERROR] Failed to load resource: the server responded with a status of 401 () @ https://balasin-ai-tau.vercel.app/api/dashboard-config:0
[ 1207893ms] [ERROR] Failed to load resource: the server responded with a status of 401 () @ https://balasin-ai-tau.vercel.app/api/dashboard-config:0
[ 1212906ms] [ERROR] Failed to load resource: the server responded with a status of 401 () @ https://balasin-ai-tau.vercel.app/api/dashboard-config:0
[ 1217901ms] [ERROR] Failed to load resource: the server responded with a status of 401 () @ https://balasin-ai-tau.vercel.app/api/dashboard-config:0
[ 1217955ms] [ERROR] Failed to load resource: the server responded with a status of 401 () @ https://balasin-ai-tau.vercel.app/api/dashboard-operations:0
[ 1222917ms] [ERROR] Failed to load resource: the server responded with a status of 401 () @ https://balasin-ai-tau.vercel.app/api/dashboard-config:0
[ 1227916ms] [ERROR] Failed to load resource: the server responded with a status of 401 () @ https://balasin-ai-tau.vercel.app/api/dashboard-config:0
[ 1232898ms] [ERROR] Failed to load resource: the server responded with a status of 401 () @ https://balasin-ai-tau.vercel.app/api/dashboard-config:0
[ 1232913ms] [ERROR] Failed to load resource: the server responded with a status of 401 () @ https://balasin-ai-tau.vercel.app/api/dashboard-operations:0
[ 1237928ms] [ERROR] Failed to load resource: the server responded with a status of 401 () @ https://balasin-ai-tau.vercel.app/api/dashboard-config:0
[ 1242897ms] [ERROR] Failed to load resource: the server responded with a status of 401 () @ https://balasin-ai-tau.vercel.app/api/dashboard-config:0
[ 1248542ms] [ERROR] Failed to load resource: the server responded with a status of 401 () @ https://balasin-ai-tau.vercel.app/api/dashboard-operations:0
[ 1249042ms] [ERROR] Failed to load resource: the server responded with a status of 401 () @ https://balasin-ai-tau.vercel.app/api/dashboard-config:0
[ 1253518ms] [ERROR] Failed to load resource: the server responded with a status of 401 () @ https://balasin-ai-tau.vercel.app/api/dashboard-config:0
[ 1258153ms] [ERROR] Failed to load resource: the server responded with a status of 401 () @ https://balasin-ai-tau.vercel.app/api/dashboard-config:0
[ 1263601ms] [ERROR] Failed to load resource: the server responded with a status of 401 () @ https://balasin-ai-tau.vercel.app/api/dashboard-operations:0
[ 1263728ms] [ERROR] Failed to load resource: the server responded with a status of 401 () @ https://balasin-ai-tau.vercel.app/api/dashboard-config:0
[ 1268270ms] [ERROR] Failed to load resource: the server responded with a status of 401 () @ https://balasin-ai-tau.vercel.app/api/dashboard-config:0
[ 1272895ms] [ERROR] Failed to load resource: the server responded with a status of 401 () @ https://balasin-ai-tau.vercel.app/api/dashboard-config:0
[ 1277976ms] [ERROR] Failed to load resource: the server responded with a status of 401 () @ https://balasin-ai-tau.vercel.app/api/dashboard-config:0
[ 1277977ms] [ERROR] Failed to load resource: the server responded with a status of 401 () @ https://balasin-ai-tau.vercel.app/api/dashboard-operations:0
[ 1283009ms] [ERROR] Failed to load resource: the server responded with a status of 401 () @ https://balasin-ai-tau.vercel.app/api/dashboard-config:0
[ 1287901ms] [ERROR] Failed to load resource: the server responded with a status of 401 () @ https://balasin-ai-tau.vercel.app/api/dashboard-config:0
[ 1292915ms] [ERROR] Failed to load resource: the server responded with a status of 401 () @ https://balasin-ai-tau.vercel.app/api/dashboard-operations:0
[ 1292919ms] [ERROR] Failed to load resource: the server responded with a status of 401 () @ https://balasin-ai-tau.vercel.app/api/dashboard-config:0
[ 1297890ms] [ERROR] Failed to load resource: the server responded with a status of 401 () @ https://balasin-ai-tau.vercel.app/api/dashboard-config:0
[ 1302963ms] [ERROR] Failed to load resource: the server responded with a status of 401 () @ https://balasin-ai-tau.vercel.app/api/dashboard-config:0
[ 1307905ms] [ERROR] Failed to load resource: the server responded with a status of 401 () @ https://balasin-ai-tau.vercel.app/api/dashboard-config:0
[ 1307948ms] [ERROR] Failed to load resource: the server responded with a status of 401 () @ https://balasin-ai-tau.vercel.app/api/dashboard-operations:0
[ 1313015ms] [ERROR] Failed to load resource: the server responded with a status of 401 () @ https://balasin-ai-tau.vercel.app/api/dashboard-config:0
[ 1317945ms] [ERROR] Failed to load resource: the server responded with a status of 401 () @ https://balasin-ai-tau.vercel.app/api/dashboard-config:0
[ 1322932ms] [ERROR] Failed to load resource: the server responded with a status of 401 () @ https://balasin-ai-tau.vercel.app/api/dashboard-config:0
[ 1322933ms] [ERROR] Failed to load resource: the server responded with a status of 401 () @ https://balasin-ai-tau.vercel.app/api/dashboard-operations:0
[ 1327919ms] [ERROR] Failed to load resource: the server responded with a status of 401 () @ https://balasin-ai-tau.vercel.app/api/dashboard-config:0
[ 1332917ms] [ERROR] Failed to load resource: the server responded with a status of 401 () @ https://balasin-ai-tau.vercel.app/api/dashboard-config:0
[ 1337917ms] [ERROR] Failed to load resource: the server responded with a status of 401 () @ https://balasin-ai-tau.vercel.app/api/dashboard-operations:0
[ 1338490ms] [ERROR] Failed to load resource: the server responded with a status of 401 () @ https://balasin-ai-tau.vercel.app/api/dashboard-config:0
[ 1343178ms] [ERROR] Failed to load resource: the server responded with a status of 401 () @ https://balasin-ai-tau.vercel.app/api/dashboard-config:0
[ 1348160ms] [ERROR] Failed to load resource: the server responded with a status of 401 () @ https://balasin-ai-tau.vercel.app/api/dashboard-config:0
[ 1352982ms] [ERROR] Failed to load resource: the server responded with a status of 401 () @ https://balasin-ai-tau.vercel.app/api/dashboard-config:0
[ 1353034ms] [ERROR] Failed to load resource: the server responded with a status of 401 () @ https://balasin-ai-tau.vercel.app/api/dashboard-operations:0
[ 1357911ms] [ERROR] Failed to load resource: the server responded with a status of 401 () @ https://balasin-ai-tau.vercel.app/api/dashboard-config:0
[ 1362889ms] [ERROR] Failed to load resource: the server responded with a status of 401 () @ https://balasin-ai-tau.vercel.app/api/dashboard-config:0
[ 1367886ms] [ERROR] Failed to load resource: the server responded with a status of 401 () @ https://balasin-ai-tau.vercel.app/api/dashboard-config:0
[ 1368231ms] [ERROR] Failed to load resource: the server responded with a status of 401 () @ https://balasin-ai-tau.vercel.app/api/dashboard-operations:0
[ 1372906ms] [ERROR] Failed to load resource: the server responded with a status of 401 () @ https://balasin-ai-tau.vercel.app/api/dashboard-config:0
[ 1377919ms] [ERROR] Failed to load resource: the server responded with a status of 401 () @ https://balasin-ai-tau.vercel.app/api/dashboard-config:0
[ 1382911ms] [ERROR] Failed to load resource: the server responded with a status of 401 () @ https://balasin-ai-tau.vercel.app/api/dashboard-operations:0
[ 1383140ms] [ERROR] Failed to load resource: the server responded with a status of 401 () @ https://balasin-ai-tau.vercel.app/api/dashboard-config:0
[ 1387890ms] [ERROR] Failed to load resource: the server responded with a status of 401 () @ https://balasin-ai-tau.vercel.app/api/dashboard-config:0
[ 1392929ms] [ERROR] Failed to load resource: the server responded with a status of 401 () @ https://balasin-ai-tau.vercel.app/api/dashboard-config:0
[ 1397903ms] [ERROR] Failed to load resource: the server responded with a status of 401 () @ https://balasin-ai-tau.vercel.app/api/dashboard-config:0
[ 1397906ms] [ERROR] Failed to load resource: the server responded with a status of 401 () @ https://balasin-ai-tau.vercel.app/api/dashboard-operations:0
[ 1402923ms] [ERROR] Failed to load resource: the server responded with a status of 401 () @ https://balasin-ai-tau.vercel.app/api/dashboard-config:0
[ 1407910ms] [ERROR] Failed to load resource: the server responded with a status of 401 () @ https://balasin-ai-tau.vercel.app/api/dashboard-config:0
[ 1412960ms] [ERROR] Failed to load resource: the server responded with a status of 401 () @ https://balasin-ai-tau.vercel.app/api/dashboard-config:0
[ 1412971ms] [ERROR] Failed to load resource: the server responded with a status of 401 () @ https://balasin-ai-tau.vercel.app/api/dashboard-operations:0
[ 1417905ms] [ERROR] Failed to load resource: the server responded with a status of 401 () @ https://balasin-ai-tau.vercel.app/api/dashboard-config:0
[ 1422936ms] [ERROR] Failed to load resource: the server responded with a status of 401 () @ https://balasin-ai-tau.vercel.app/api/dashboard-config:0
[ 1427912ms] [ERROR] Failed to load resource: the server responded with a status of 401 () @ https://balasin-ai-tau.vercel.app/api/dashboard-operations:0
[ 1427912ms] [ERROR] Failed to load resource: the server responded with a status of 401 () @ https://balasin-ai-tau.vercel.app/api/dashboard-config:0
[ 1432934ms] [ERROR] Failed to load resource: the server responded with a status of 401 () @ https://balasin-ai-tau.vercel.app/api/dashboard-config:0
[ 1437953ms] [ERROR] Failed to load resource: the server responded with a status of 401 () @ https://balasin-ai-tau.vercel.app/api/dashboard-config:0
[ 1442901ms] [ERROR] Failed to load resource: the server responded with a status of 401 () @ https://balasin-ai-tau.vercel.app/api/dashboard-config:0
[ 1442934ms] [ERROR] Failed to load resource: the server responded with a status of 401 () @ https://balasin-ai-tau.vercel.app/api/dashboard-operations:0
[ 1447901ms] [ERROR] Failed to load resource: the server responded with a status of 401 () @ https://balasin-ai-tau.vercel.app/api/dashboard-config:0
[ 1452905ms] [ERROR] Failed to load resource: the server responded with a status of 401 () @ https://balasin-ai-tau.vercel.app/api/dashboard-config:0
[ 1457990ms] [ERROR] Failed to load resource: the server responded with a status of 401 () @ https://balasin-ai-tau.vercel.app/api/dashboard-operations:0
[ 1458017ms] [ERROR] Failed to load resource: the server responded with a status of 401 () @ https://balasin-ai-tau.vercel.app/api/dashboard-config:0
[ 1462925ms] [ERROR] Failed to load resource: the server responded with a status of 401 () @ https://balasin-ai-tau.vercel.app/api/dashboard-config:0
[ 1467952ms] [ERROR] Failed to load resource: the server responded with a status of 401 () @ https://balasin-ai-tau.vercel.app/api/dashboard-config:0
[ 1473004ms] [ERROR] Failed to load resource: the server responded with a status of 401 () @ https://balasin-ai-tau.vercel.app/api/dashboard-config:0
[ 1473007ms] [ERROR] Failed to load resource: the server responded with a status of 401 () @ https://balasin-ai-tau.vercel.app/api/dashboard-operations:0
[ 1477901ms] [ERROR] Failed to load resource: the server responded with a status of 401 () @ https://balasin-ai-tau.vercel.app/api/dashboard-config:0
[ 1482919ms] [ERROR] Failed to load resource: the server responded with a status of 401 () @ https://balasin-ai-tau.vercel.app/api/dashboard-config:0
[ 1487910ms] [ERROR] Failed to load resource: the server responded with a status of 401 () @ https://balasin-ai-tau.vercel.app/api/dashboard-operations:0
[ 1487949ms] [ERROR] Failed to load resource: the server responded with a status of 401 () @ https://balasin-ai-tau.vercel.app/api/dashboard-config:0
[ 1492905ms] [ERROR] Failed to load resource: the server responded with a status of 401 () @ https://balasin-ai-tau.vercel.app/api/dashboard-config:0
[ 1497900ms] [ERROR] Failed to load resource: the server responded with a status of 401 () @ https://balasin-ai-tau.vercel.app/api/dashboard-config:0
[ 1502949ms] [ERROR] Failed to load resource: the server responded with a status of 401 () @ https://balasin-ai-tau.vercel.app/api/dashboard-operations:0
[ 1502963ms] [ERROR] Failed to load resource: the server responded with a status of 401 () @ https://balasin-ai-tau.vercel.app/api/dashboard-config:0
[ 1507907ms] [ERROR] Failed to load resource: the server responded with a status of 401 () @ https://balasin-ai-tau.vercel.app/api/dashboard-config:0
[ 1512899ms] [ERROR] Failed to load resource: the server responded with a status of 401 () @ https://balasin-ai-tau.vercel.app/api/dashboard-config:0
[ 1517918ms] [ERROR] Failed to load resource: the server responded with a status of 401 () @ https://balasin-ai-tau.vercel.app/api/dashboard-config:0
[ 1517919ms] [ERROR] Failed to load resource: the server responded with a status of 401 () @ https://balasin-ai-tau.vercel.app/api/dashboard-operations:0
[ 1522900ms] [ERROR] Failed to load resource: the server responded with a status of 401 () @ https://balasin-ai-tau.vercel.app/api/dashboard-config:0
[ 1527901ms] [ERROR] Failed to load resource: the server responded with a status of 401 () @ https://balasin-ai-tau.vercel.app/api/dashboard-config:0
[ 1532901ms] [ERROR] Failed to load resource: the server responded with a status of 401 () @ https://balasin-ai-tau.vercel.app/api/dashboard-config:0
[ 1532906ms] [ERROR] Failed to load resource: the server responded with a status of 401 () @ https://balasin-ai-tau.vercel.app/api/dashboard-operations:0
[ 1537912ms] [ERROR] Failed to load resource: the server responded with a status of 401 () @ https://balasin-ai-tau.vercel.app/api/dashboard-config:0
[ 1542895ms] [ERROR] Failed to load resource: the server responded with a status of 401 () @ https://balasin-ai-tau.vercel.app/api/dashboard-config:0
[ 1547908ms] [ERROR] Failed to load resource: the server responded with a status of 401 () @ https://balasin-ai-tau.vercel.app/api/dashboard-config:0
[ 1547917ms] [ERROR] Failed to load resource: the server responded with a status of 401 () @ https://balasin-ai-tau.vercel.app/api/dashboard-operations:0
[ 1552899ms] [ERROR] Failed to load resource: the server responded with a status of 401 () @ https://balasin-ai-tau.vercel.app/api/dashboard-config:0
[ 1557901ms] [ERROR] Failed to load resource: the server responded with a status of 401 () @ https://balasin-ai-tau.vercel.app/api/dashboard-config:0
[ 1562894ms] [ERROR] Failed to load resource: the server responded with a status of 401 () @ https://balasin-ai-tau.vercel.app/api/dashboard-config:0
[ 1562907ms] [ERROR] Failed to load resource: the server responded with a status of 401 () @ https://balasin-ai-tau.vercel.app/api/dashboard-operations:0
[ 1567910ms] [ERROR] Failed to load resource: the server responded with a status of 401 () @ https://balasin-ai-tau.vercel.app/api/dashboard-config:0
[ 1572896ms] [ERROR] Failed to load resource: the server responded with a status of 401 () @ https://balasin-ai-tau.vercel.app/api/dashboard-config:0
[ 1577894ms] [ERROR] Failed to load resource: the server responded with a status of 401 () @ https://balasin-ai-tau.vercel.app/api/dashboard-config:0
[ 1577903ms] [ERROR] Failed to load resource: the server responded with a status of 401 () @ https://balasin-ai-tau.vercel.app/api/dashboard-operations:0
[ 1582917ms] [ERROR] Failed to load resource: the server responded with a status of 401 () @ https://balasin-ai-tau.vercel.app/api/dashboard-config:0
[ 1587898ms] [ERROR] Failed to load resource: the server responded with a status of 401 () @ https://balasin-ai-tau.vercel.app/api/dashboard-config:0
[ 1592903ms] [ERROR] Failed to load resource: the server responded with a status of 401 () @ https://balasin-ai-tau.vercel.app/api/dashboard-operations:0
[ 1592927ms] [ERROR] Failed to load resource: the server responded with a status of 401 () @ https://balasin-ai-tau.vercel.app/api/dashboard-config:0
[ 1597956ms] [ERROR] Failed to load resource: the server responded with a status of 401 () @ https://balasin-ai-tau.vercel.app/api/dashboard-config:0
[ 1602895ms] [ERROR] Failed to load resource: the server responded with a status of 401 () @ https://balasin-ai-tau.vercel.app/api/dashboard-config:0
[ 1607889ms] [ERROR] Failed to load resource: the server responded with a status of 401 () @ https://balasin-ai-tau.vercel.app/api/dashboard-config:0
[ 1607922ms] [ERROR] Failed to load resource: the server responded with a status of 401 () @ https://balasin-ai-tau.vercel.app/api/dashboard-operations:0
[ 1613010ms] [ERROR] Failed to load resource: the server responded with a status of 401 () @ https://balasin-ai-tau.vercel.app/api/dashboard-config:0
[ 1617898ms] [ERROR] Failed to load resource: the server responded with a status of 401 () @ https://balasin-ai-tau.vercel.app/api/dashboard-config:0
[ 1622903ms] [ERROR] Failed to load resource: the server responded with a status of 401 () @ https://balasin-ai-tau.vercel.app/api/dashboard-config:0
[ 1622918ms] [ERROR] Failed to load resource: the server responded with a status of 401 () @ https://balasin-ai-tau.vercel.app/api/dashboard-operations:0
[ 1627900ms] [ERROR] Failed to load resource: the server responded with a status of 401 () @ https://balasin-ai-tau.vercel.app/api/dashboard-config:0
[ 1632897ms] [ERROR] Failed to load resource: the server responded with a status of 401 () @ https://balasin-ai-tau.vercel.app/api/dashboard-config:0
[ 1637900ms] [ERROR] Failed to load resource: the server responded with a status of 401 () @ https://balasin-ai-tau.vercel.app/api/dashboard-config:0
[ 1637924ms] [ERROR] Failed to load resource: the server responded with a status of 401 () @ https://balasin-ai-tau.vercel.app/api/dashboard-operations:0
[ 1642896ms] [ERROR] Failed to load resource: the server responded with a status of 401 () @ https://balasin-ai-tau.vercel.app/api/dashboard-config:0
[ 1648029ms] [ERROR] Failed to load resource: the server responded with a status of 401 () @ https://balasin-ai-tau.vercel.app/api/dashboard-config:0
[ 1652949ms] [ERROR] Failed to load resource: the server responded with a status of 401 () @ https://balasin-ai-tau.vercel.app/api/dashboard-operations:0
[ 1652949ms] [ERROR] Failed to load resource: the server responded with a status of 401 () @ https://balasin-ai-tau.vercel.app/api/dashboard-config:0
[ 1658150ms] [ERROR] Failed to load resource: the server responded with a status of 401 () @ https://balasin-ai-tau.vercel.app/api/dashboard-config:0
[ 1662895ms] [ERROR] Failed to load resource: the server responded with a status of 401 () @ https://balasin-ai-tau.vercel.app/api/dashboard-config:0
[ 1667888ms] [ERROR] Failed to load resource: the server responded with a status of 401 () @ https://balasin-ai-tau.vercel.app/api/dashboard-config:0
[ 1667912ms] [ERROR] Failed to load resource: the server responded with a status of 401 () @ https://balasin-ai-tau.vercel.app/api/dashboard-operations:0
[ 1672899ms] [ERROR] Failed to load resource: the server responded with a status of 401 () @ https://balasin-ai-tau.vercel.app/api/dashboard-config:0
[ 1677895ms] [ERROR] Failed to load resource: the server responded with a status of 401 () @ https://balasin-ai-tau.vercel.app/api/dashboard-config:0
[ 1682900ms] [ERROR] Failed to load resource: the server responded with a status of 401 () @ https://balasin-ai-tau.vercel.app/api/dashboard-config:0
[ 1682907ms] [ERROR] Failed to load resource: the server responded with a status of 401 () @ https://balasin-ai-tau.vercel.app/api/dashboard-operations:0
[ 1687902ms] [ERROR] Failed to load resource: the server responded with a status of 401 () @ https://balasin-ai-tau.vercel.app/api/dashboard-config:0
[ 1692910ms] [ERROR] Failed to load resource: the server responded with a status of 401 () @ https://balasin-ai-tau.vercel.app/api/dashboard-config:0
[ 1697885ms] [ERROR] Failed to load resource: the server responded with a status of 401 () @ https://balasin-ai-tau.vercel.app/api/dashboard-config:0
[ 1697904ms] [ERROR] Failed to load resource: the server responded with a status of 401 () @ https://balasin-ai-tau.vercel.app/api/dashboard-operations:0
[ 1702896ms] [ERROR] Failed to load resource: the server responded with a status of 401 () @ https://balasin-ai-tau.vercel.app/api/dashboard-config:0
[ 1707903ms] [ERROR] Failed to load resource: the server responded with a status of 401 () @ https://balasin-ai-tau.vercel.app/api/dashboard-config:0
[ 1712891ms] [ERROR] Failed to load resource: the server responded with a status of 401 () @ https://balasin-ai-tau.vercel.app/api/dashboard-config:0
[ 1712906ms] [ERROR] Failed to load resource: the server responded with a status of 401 () @ https://balasin-ai-tau.vercel.app/api/dashboard-operations:0
[ 1717897ms] [ERROR] Failed to load resource: the server responded with a status of 401 () @ https://balasin-ai-tau.vercel.app/api/dashboard-config:0
[ 1722895ms] [ERROR] Failed to load resource: the server responded with a status of 401 () @ https://balasin-ai-tau.vercel.app/api/dashboard-config:0
[ 1727888ms] [ERROR] Failed to load resource: the server responded with a status of 401 () @ https://balasin-ai-tau.vercel.app/api/dashboard-config:0
[ 1727901ms] [ERROR] Failed to load resource: the server responded with a status of 401 () @ https://balasin-ai-tau.vercel.app/api/dashboard-operations:0
[ 1732975ms] [ERROR] Failed to load resource: the server responded with a status of 401 () @ https://balasin-ai-tau.vercel.app/api/dashboard-config:0
[ 1737929ms] [ERROR] Failed to load resource: the server responded with a status of 401 () @ https://balasin-ai-tau.vercel.app/api/dashboard-config:0
[ 1742903ms] [ERROR] Failed to load resource: the server responded with a status of 401 () @ https://balasin-ai-tau.vercel.app/api/dashboard-operations:0
[ 1742907ms] [ERROR] Failed to load resource: the server responded with a status of 401 () @ https://balasin-ai-tau.vercel.app/api/dashboard-config:0
[ 1747933ms] [ERROR] Failed to load resource: the server responded with a status of 401 () @ https://balasin-ai-tau.vercel.app/api/dashboard-config:0
[ 1753029ms] [ERROR] Failed to load resource: the server responded with a status of 401 () @ https://balasin-ai-tau.vercel.app/api/dashboard-config:0
[ 1757921ms] [ERROR] Failed to load resource: the server responded with a status of 401 () @ https://balasin-ai-tau.vercel.app/api/dashboard-config:0
[ 1757934ms] [ERROR] Failed to load resource: the server responded with a status of 401 () @ https://balasin-ai-tau.vercel.app/api/dashboard-operations:0
[ 1762896ms] [ERROR] Failed to load resource: the server responded with a status of 401 () @ https://balasin-ai-tau.vercel.app/api/dashboard-config:0
[ 1768106ms] [ERROR] Failed to load resource: the server responded with a status of 401 () @ https://balasin-ai-tau.vercel.app/api/dashboard-config:0
[ 1773892ms] [ERROR] Failed to load resource: the server responded with a status of 401 () @ https://balasin-ai-tau.vercel.app/api/dashboard-config:0
[ 1773893ms] [ERROR] Failed to load resource: the server responded with a status of 401 () @ https://balasin-ai-tau.vercel.app/api/dashboard-operations:0
[ 1777925ms] [ERROR] Failed to load resource: the server responded with a status of 401 () @ https://balasin-ai-tau.vercel.app/api/dashboard-config:0
[ 1782936ms] [ERROR] Failed to load resource: the server responded with a status of 401 () @ https://balasin-ai-tau.vercel.app/api/dashboard-config:0
[ 1788111ms] [ERROR] Failed to load resource: the server responded with a status of 401 () @ https://balasin-ai-tau.vercel.app/api/dashboard-config:0
[ 1788112ms] [ERROR] Failed to load resource: the server responded with a status of 401 () @ https://balasin-ai-tau.vercel.app/api/dashboard-operations:0
[ 1792940ms] [ERROR] Failed to load resource: the server responded with a status of 401 () @ https://balasin-ai-tau.vercel.app/api/dashboard-config:0
[ 1797909ms] [ERROR] Failed to load resource: the server responded with a status of 401 () @ https://balasin-ai-tau.vercel.app/api/dashboard-config:0
[ 1802905ms] [ERROR] Failed to load resource: the server responded with a status of 401 () @ https://balasin-ai-tau.vercel.app/api/dashboard-config:0
[ 1802938ms] [ERROR] Failed to load resource: the server responded with a status of 401 () @ https://balasin-ai-tau.vercel.app/api/dashboard-operations:0
[ 1807899ms] [ERROR] Failed to load resource: the server responded with a status of 401 () @ https://balasin-ai-tau.vercel.app/api/dashboard-config:0
[ 1813019ms] [ERROR] Failed to load resource: the server responded with a status of 401 () @ https://balasin-ai-tau.vercel.app/api/dashboard-config:0
[ 1817891ms] [ERROR] Failed to load resource: the server responded with a status of 401 () @ https://balasin-ai-tau.vercel.app/api/dashboard-config:0
[ 1817911ms] [ERROR] Failed to load resource: the server responded with a status of 401 () @ https://balasin-ai-tau.vercel.app/api/dashboard-operations:0
[ 1822897ms] [ERROR] Failed to load resource: the server responded with a status of 401 () @ https://balasin-ai-tau.vercel.app/api/dashboard-config:0
[ 1827932ms] [ERROR] Failed to load resource: the server responded with a status of 401 () @ https://balasin-ai-tau.vercel.app/api/dashboard-config:0
[ 1832962ms] [ERROR] Failed to load resource: the server responded with a status of 401 () @ https://balasin-ai-tau.vercel.app/api/dashboard-operations:0
[ 1832962ms] [ERROR] Failed to load resource: the server responded with a status of 401 () @ https://balasin-ai-tau.vercel.app/api/dashboard-config:0
[ 1838363ms] [ERROR] Failed to load resource: the server responded with a status of 401 () @ https://balasin-ai-tau.vercel.app/api/dashboard-config:0
[ 1842914ms] [ERROR] Failed to load resource: the server responded with a status of 401 () @ https://balasin-ai-tau.vercel.app/api/dashboard-config:0
[ 1847888ms] [ERROR] Failed to load resource: the server responded with a status of 401 () @ https://balasin-ai-tau.vercel.app/api/dashboard-config:0
[ 1847912ms] [ERROR] Failed to load resource: the server responded with a status of 401 () @ https://balasin-ai-tau.vercel.app/api/dashboard-operations:0
[ 1852925ms] [ERROR] Failed to load resource: the server responded with a status of 401 () @ https://balasin-ai-tau.vercel.app/api/dashboard-config:0
[ 1858475ms] [ERROR] Failed to load resource: the server responded with a status of 401 () @ https://balasin-ai-tau.vercel.app/api/dashboard-config:0
[ 1863180ms] [ERROR] Failed to load resource: the server responded with a status of 401 () @ https://balasin-ai-tau.vercel.app/api/dashboard-config:0
[ 1863256ms] [ERROR] Failed to load resource: the server responded with a status of 401 () @ https://balasin-ai-tau.vercel.app/api/dashboard-operations:0
[ 1869001ms] [ERROR] Failed to load resource: the server responded with a status of 401 () @ https://balasin-ai-tau.vercel.app/api/dashboard-config:0
[ 1873125ms] [ERROR] Failed to load resource: the server responded with a status of 401 () @ https://balasin-ai-tau.vercel.app/api/dashboard-config:0
[ 1878231ms] [ERROR] Failed to load resource: the server responded with a status of 401 () @ https://balasin-ai-tau.vercel.app/api/dashboard-operations:0
[ 1878306ms] [ERROR] Failed to load resource: the server responded with a status of 401 () @ https://balasin-ai-tau.vercel.app/api/dashboard-config:0
[ 1883042ms] [ERROR] Failed to load resource: the server responded with a status of 401 () @ https://balasin-ai-tau.vercel.app/api/dashboard-config:0
[ 1887941ms] [ERROR] Failed to load resource: the server responded with a status of 401 () @ https://balasin-ai-tau.vercel.app/api/dashboard-config:0
[ 1892889ms] [ERROR] Failed to load resource: the server responded with a status of 401 () @ https://balasin-ai-tau.vercel.app/api/dashboard-config:0
[ 1892939ms] [ERROR] Failed to load resource: the server responded with a status of 401 () @ https://balasin-ai-tau.vercel.app/api/dashboard-operations:0
[ 1897889ms] [ERROR] Failed to load resource: the server responded with a status of 401 () @ https://balasin-ai-tau.vercel.app/api/dashboard-config:0
[ 1902912ms] [ERROR] Failed to load resource: the server responded with a status of 401 () @ https://balasin-ai-tau.vercel.app/api/dashboard-config:0
[ 1907938ms] [ERROR] Failed to load resource: the server responded with a status of 401 () @ https://balasin-ai-tau.vercel.app/api/dashboard-config:0
[ 1907987ms] [ERROR] Failed to load resource: the server responded with a status of 401 () @ https://balasin-ai-tau.vercel.app/api/dashboard-operations:0
[ 1912912ms] [ERROR] Failed to load resource: the server responded with a status of 401 () @ https://balasin-ai-tau.vercel.app/api/dashboard-config:0
[ 1917913ms] [ERROR] Failed to load resource: the server responded with a status of 401 () @ https://balasin-ai-tau.vercel.app/api/dashboard-config:0
[ 1922913ms] [ERROR] Failed to load resource: the server responded with a status of 401 () @ https://balasin-ai-tau.vercel.app/api/dashboard-config:0
[ 1922913ms] [ERROR] Failed to load resource: the server responded with a status of 401 () @ https://balasin-ai-tau.vercel.app/api/dashboard-operations:0
[ 1927900ms] [ERROR] Failed to load resource: the server responded with a status of 401 () @ https://balasin-ai-tau.vercel.app/api/dashboard-config:0
[ 1932947ms] [ERROR] Failed to load resource: the server responded with a status of 401 () @ https://balasin-ai-tau.vercel.app/api/dashboard-config:0
[ 1937941ms] [ERROR] Failed to load resource: the server responded with a status of 401 () @ https://balasin-ai-tau.vercel.app/api/dashboard-operations:0
[ 1937941ms] [ERROR] Failed to load resource: the server responded with a status of 401 () @ https://balasin-ai-tau.vercel.app/api/dashboard-config:0
[ 1942912ms] [ERROR] Failed to load resource: the server responded with a status of 401 () @ https://balasin-ai-tau.vercel.app/api/dashboard-config:0
[ 1948262ms] [ERROR] Failed to load resource: the server responded with a status of 401 () @ https://balasin-ai-tau.vercel.app/api/dashboard-config:0
[ 1953500ms] [ERROR] Failed to load resource: the server responded with a status of 401 () @ https://balasin-ai-tau.vercel.app/api/dashboard-config:0
[ 1954053ms] [ERROR] Failed to load resource: the server responded with a status of 401 () @ https://balasin-ai-tau.vercel.app/api/dashboard-operations:0
[ 1958393ms] [ERROR] Failed to load resource: the server responded with a status of 401 () @ https://balasin-ai-tau.vercel.app/api/dashboard-config:0
[ 1962942ms] [ERROR] Failed to load resource: the server responded with a status of 401 () @ https://balasin-ai-tau.vercel.app/api/dashboard-config:0
[ 1968404ms] [ERROR] Failed to load resource: the server responded with a status of 401 () @ https://balasin-ai-tau.vercel.app/api/dashboard-operations:0
[ 1968434ms] [ERROR] Failed to load resource: the server responded with a status of 401 () @ https://balasin-ai-tau.vercel.app/api/dashboard-config:0
[ 1973097ms] [ERROR] Failed to load resource: the server responded with a status of 401 () @ https://balasin-ai-tau.vercel.app/api/dashboard-config:0
[ 1977905ms] [ERROR] Failed to load resource: the server responded with a status of 401 () @ https://balasin-ai-tau.vercel.app/api/dashboard-config:0
[ 1982896ms] [ERROR] Failed to load resource: the server responded with a status of 401 () @ https://balasin-ai-tau.vercel.app/api/dashboard-config:0
[ 1983055ms] [ERROR] Failed to load resource: the server responded with a status of 401 () @ https://balasin-ai-tau.vercel.app/api/dashboard-operations:0
[ 1987902ms] [ERROR] Failed to load resource: the server responded with a status of 401 () @ https://balasin-ai-tau.vercel.app/api/dashboard-config:0
[ 1992936ms] [ERROR] Failed to load resource: the server responded with a status of 401 () @ https://balasin-ai-tau.vercel.app/api/dashboard-config:0
[ 1997918ms] [ERROR] Failed to load resource: the server responded with a status of 401 () @ https://balasin-ai-tau.vercel.app/api/dashboard-operations:0
[ 1997936ms] [ERROR] Failed to load resource: the server responded with a status of 401 () @ https://balasin-ai-tau.vercel.app/api/dashboard-config:0
[ 2002898ms] [ERROR] Failed to load resource: the server responded with a status of 401 () @ https://balasin-ai-tau.vercel.app/api/dashboard-config:0
[ 2007903ms] [ERROR] Failed to load resource: the server responded with a status of 401 () @ https://balasin-ai-tau.vercel.app/api/dashboard-config:0
[ 2012901ms] [ERROR] Failed to load resource: the server responded with a status of 401 () @ https://balasin-ai-tau.vercel.app/api/dashboard-config:0
[ 2012908ms] [ERROR] Failed to load resource: the server responded with a status of 401 () @ https://balasin-ai-tau.vercel.app/api/dashboard-operations:0
[ 2017893ms] [ERROR] Failed to load resource: the server responded with a status of 401 () @ https://balasin-ai-tau.vercel.app/api/dashboard-config:0
[ 2022905ms] [ERROR] Failed to load resource: the server responded with a status of 401 () @ https://balasin-ai-tau.vercel.app/api/dashboard-config:0
[ 2028080ms] [ERROR] Failed to load resource: the server responded with a status of 401 () @ https://balasin-ai-tau.vercel.app/api/dashboard-config:0
[ 2028129ms] [ERROR] Failed to load resource: the server responded with a status of 401 () @ https://balasin-ai-tau.vercel.app/api/dashboard-operations:0
[ 2032891ms] [ERROR] Failed to load resource: the server responded with a status of 401 () @ https://balasin-ai-tau.vercel.app/api/dashboard-config:0
[ 2037925ms] [ERROR] Failed to load resource: the server responded with a status of 401 () @ https://balasin-ai-tau.vercel.app/api/dashboard-config:0
[ 2042952ms] [ERROR] Failed to load resource: the server responded with a status of 401 () @ https://balasin-ai-tau.vercel.app/api/dashboard-config:0
[ 2042953ms] [ERROR] Failed to load resource: the server responded with a status of 401 () @ https://balasin-ai-tau.vercel.app/api/dashboard-operations:0
[ 2047987ms] [ERROR] Failed to load resource: the server responded with a status of 401 () @ https://balasin-ai-tau.vercel.app/api/dashboard-config:0
[ 2053298ms] [ERROR] Failed to load resource: the server responded with a status of 401 () @ https://balasin-ai-tau.vercel.app/api/dashboard-config:0
[ 2058200ms] [ERROR] Failed to load resource: the server responded with a status of 401 () @ https://balasin-ai-tau.vercel.app/api/dashboard-operations:0
[ 2058224ms] [ERROR] Failed to load resource: the server responded with a status of 401 () @ https://balasin-ai-tau.vercel.app/api/dashboard-config:0
[ 2063153ms] [ERROR] Failed to load resource: the server responded with a status of 401 () @ https://balasin-ai-tau.vercel.app/api/dashboard-config:0
[ 2067912ms] [ERROR] Failed to load resource: the server responded with a status of 401 () @ https://balasin-ai-tau.vercel.app/api/dashboard-config:0
[ 2073235ms] [ERROR] Failed to load resource: the server responded with a status of 401 () @ https://balasin-ai-tau.vercel.app/api/dashboard-config:0
[ 2073253ms] [ERROR] Failed to load resource: the server responded with a status of 401 () @ https://balasin-ai-tau.vercel.app/api/dashboard-operations:0
[ 2077941ms] [ERROR] Failed to load resource: the server responded with a status of 401 () @ https://balasin-ai-tau.vercel.app/api/dashboard-config:0
[ 2082917ms] [ERROR] Failed to load resource: the server responded with a status of 401 () @ https://balasin-ai-tau.vercel.app/api/dashboard-config:0
[ 2087903ms] [ERROR] Failed to load resource: the server responded with a status of 401 () @ https://balasin-ai-tau.vercel.app/api/dashboard-config:0
[ 2087913ms] [ERROR] Failed to load resource: the server responded with a status of 401 () @ https://balasin-ai-tau.vercel.app/api/dashboard-operations:0
[ 2092967ms] [ERROR] Failed to load resource: the server responded with a status of 401 () @ https://balasin-ai-tau.vercel.app/api/dashboard-config:0
[ 2097901ms] [ERROR] Failed to load resource: the server responded with a status of 401 () @ https://balasin-ai-tau.vercel.app/api/dashboard-config:0
[ 2103155ms] [ERROR] Failed to load resource: the server responded with a status of 401 () @ https://balasin-ai-tau.vercel.app/api/dashboard-config:0
[ 2103158ms] [ERROR] Failed to load resource: the server responded with a status of 401 () @ https://balasin-ai-tau.vercel.app/api/dashboard-operations:0
[ 2107905ms] [ERROR] Failed to load resource: the server responded with a status of 401 () @ https://balasin-ai-tau.vercel.app/api/dashboard-config:0
[ 2113237ms] [ERROR] Failed to load resource: the server responded with a status of 401 () @ https://balasin-ai-tau.vercel.app/api/dashboard-config:0
[ 2117891ms] [ERROR] Failed to load resource: the server responded with a status of 401 () @ https://balasin-ai-tau.vercel.app/api/dashboard-config:0
[ 2117911ms] [ERROR] Failed to load resource: the server responded with a status of 401 () @ https://balasin-ai-tau.vercel.app/api/dashboard-operations:0
[ 2122932ms] [ERROR] Failed to load resource: the server responded with a status of 401 () @ https://balasin-ai-tau.vercel.app/api/dashboard-config:0
[ 2127950ms] [ERROR] Failed to load resource: the server responded with a status of 401 () @ https://balasin-ai-tau.vercel.app/api/dashboard-config:0
[ 2132903ms] [ERROR] Failed to load resource: the server responded with a status of 401 () @ https://balasin-ai-tau.vercel.app/api/dashboard-config:0
[ 2132906ms] [ERROR] Failed to load resource: the server responded with a status of 401 () @ https://balasin-ai-tau.vercel.app/api/dashboard-operations:0
[ 2137909ms] [ERROR] Failed to load resource: the server responded with a status of 401 () @ https://balasin-ai-tau.vercel.app/api/dashboard-config:0
[ 2142900ms] [ERROR] Failed to load resource: the server responded with a status of 401 () @ https://balasin-ai-tau.vercel.app/api/dashboard-config:0
[ 2148039ms] [ERROR] Failed to load resource: the server responded with a status of 401 () @ https://balasin-ai-tau.vercel.app/api/dashboard-config:0
[ 2148056ms] [ERROR] Failed to load resource: the server responded with a status of 401 () @ https://balasin-ai-tau.vercel.app/api/dashboard-operations:0
[ 2152922ms] [ERROR] Failed to load resource: the server responded with a status of 401 () @ https://balasin-ai-tau.vercel.app/api/dashboard-config:0
[ 2157897ms] [ERROR] Failed to load resource: the server responded with a status of 401 () @ https://balasin-ai-tau.vercel.app/api/dashboard-config:0
[ 2162900ms] [ERROR] Failed to load resource: the server responded with a status of 401 () @ https://balasin-ai-tau.vercel.app/api/dashboard-config:0
[ 2162911ms] [ERROR] Failed to load resource: the server responded with a status of 401 () @ https://balasin-ai-tau.vercel.app/api/dashboard-operations:0
[ 2167891ms] [ERROR] Failed to load resource: the server responded with a status of 401 () @ https://balasin-ai-tau.vercel.app/api/dashboard-config:0
[ 2172904ms] [ERROR] Failed to load resource: the server responded with a status of 401 () @ https://balasin-ai-tau.vercel.app/api/dashboard-config:0
[ 2177902ms] [ERROR] Failed to load resource: the server responded with a status of 401 () @ https://balasin-ai-tau.vercel.app/api/dashboard-config:0
[ 2177915ms] [ERROR] Failed to load resource: the server responded with a status of 401 () @ https://balasin-ai-tau.vercel.app/api/dashboard-operations:0
[ 2182978ms] [ERROR] Failed to load resource: the server responded with a status of 401 () @ https://balasin-ai-tau.vercel.app/api/dashboard-config:0
[ 2187891ms] [ERROR] Failed to load resource: the server responded with a status of 401 () @ https://balasin-ai-tau.vercel.app/api/dashboard-config:0
[ 2192907ms] [ERROR] Failed to load resource: the server responded with a status of 401 () @ https://balasin-ai-tau.vercel.app/api/dashboard-operations:0
[ 2193414ms] [ERROR] Failed to load resource: the server responded with a status of 401 () @ https://balasin-ai-tau.vercel.app/api/dashboard-config:0
[ 2198153ms] [ERROR] Failed to load resource: the server responded with a status of 401 () @ https://balasin-ai-tau.vercel.app/api/dashboard-config:0
[ 2203181ms] [ERROR] Failed to load resource: the server responded with a status of 401 () @ https://balasin-ai-tau.vercel.app/api/dashboard-config:0
[ 2208259ms] [ERROR] Failed to load resource: the server responded with a status of 401 () @ https://balasin-ai-tau.vercel.app/api/dashboard-operations:0
[ 2208286ms] [ERROR] Failed to load resource: the server responded with a status of 401 () @ https://balasin-ai-tau.vercel.app/api/dashboard-config:0
[ 2212886ms] [ERROR] Failed to load resource: the server responded with a status of 401 () @ https://balasin-ai-tau.vercel.app/api/dashboard-config:0
[ 2217888ms] [ERROR] Failed to load resource: the server responded with a status of 401 () @ https://balasin-ai-tau.vercel.app/api/dashboard-config:0
[ 2222930ms] [ERROR] Failed to load resource: the server responded with a status of 401 () @ https://balasin-ai-tau.vercel.app/api/dashboard-config:0
[ 2222947ms] [ERROR] Failed to load resource: the server responded with a status of 401 () @ https://balasin-ai-tau.vercel.app/api/dashboard-operations:0
[ 2227965ms] [ERROR] Failed to load resource: the server responded with a status of 401 () @ https://balasin-ai-tau.vercel.app/api/dashboard-config:0
[ 2233205ms] [ERROR] Failed to load resource: the server responded with a status of 401 () @ https://balasin-ai-tau.vercel.app/api/dashboard-config:0
[ 2238622ms] [ERROR] Failed to load resource: the server responded with a status of 401 () @ https://balasin-ai-tau.vercel.app/api/dashboard-operations:0
[ 2238732ms] [ERROR] Failed to load resource: the server responded with a status of 401 () @ https://balasin-ai-tau.vercel.app/api/dashboard-config:0
[ 2242992ms] [ERROR] Failed to load resource: the server responded with a status of 401 () @ https://balasin-ai-tau.vercel.app/api/dashboard-config:0
[ 2247943ms] [ERROR] Failed to load resource: the server responded with a status of 401 () @ https://balasin-ai-tau.vercel.app/api/dashboard-config:0
[ 2252902ms] [ERROR] Failed to load resource: the server responded with a status of 401 () @ https://balasin-ai-tau.vercel.app/api/dashboard-config:0
[ 2253085ms] [ERROR] Failed to load resource: the server responded with a status of 401 () @ https://balasin-ai-tau.vercel.app/api/dashboard-operations:0
[ 2257910ms] [ERROR] Failed to load resource: the server responded with a status of 401 () @ https://balasin-ai-tau.vercel.app/api/dashboard-config:0
[ 2262905ms] [ERROR] Failed to load resource: the server responded with a status of 401 () @ https://balasin-ai-tau.vercel.app/api/dashboard-config:0
[ 2268020ms] [ERROR] Failed to load resource: the server responded with a status of 401 () @ https://balasin-ai-tau.vercel.app/api/dashboard-config:0
[ 2268046ms] [ERROR] Failed to load resource: the server responded with a status of 401 () @ https://balasin-ai-tau.vercel.app/api/dashboard-operations:0
[ 2272916ms] [ERROR] Failed to load resource: the server responded with a status of 401 () @ https://balasin-ai-tau.vercel.app/api/dashboard-config:0
[ 2277940ms] [ERROR] Failed to load resource: the server responded with a status of 401 () @ https://balasin-ai-tau.vercel.app/api/dashboard-config:0
[ 2282914ms] [ERROR] Failed to load resource: the server responded with a status of 401 () @ https://balasin-ai-tau.vercel.app/api/dashboard-config:0
[ 2282952ms] [ERROR] Failed to load resource: the server responded with a status of 401 () @ https://balasin-ai-tau.vercel.app/api/dashboard-operations:0
[ 2287953ms] [ERROR] Failed to load resource: the server responded with a status of 401 () @ https://balasin-ai-tau.vercel.app/api/dashboard-config:0
